{"/Users/mynguyen/Repos/algo-shadow/packages/client/src/pages/algorithm/BST.jsx": {"path":"/Users/mynguyen/Repos/algo-shadow/packages/client/src/pages/algorithm/BST.jsx","statementMap":{"0":{"start":{"line":19,"column":11},"end":{"line":19,"column":null}},"1":{"start":{"line":20,"column":20},"end":{"line":20,"column":null}},"2":{"start":{"line":21,"column":13},"end":{"line":21,"column":15}},"3":{"start":{"line":23,"column":11},"end":{"line":23,"column":null}},"4":{"start":{"line":24,"column":11},"end":{"line":24,"column":null}},"5":{"start":{"line":27,"column":2},"end":{"line":37,"column":null}},"6":{"start":{"line":28,"column":4},"end":{"line":28,"column":null}},"7":{"start":{"line":30,"column":4},"end":{"line":36,"column":null}},"8":{"start":{"line":31,"column":6},"end":{"line":31,"column":null}},"9":{"start":{"line":32,"column":16},"end":{"line":32,"column":null}},"10":{"start":{"line":33,"column":6},"end":{"line":33,"column":null}},"11":{"start":{"line":35,"column":6},"end":{"line":35,"column":null}},"12":{"start":{"line":41,"column":2},"end":{"line":41,"column":null}},"13":{"start":{"line":42,"column":2},"end":{"line":46,"column":null}},"14":{"start":{"line":44,"column":14},"end":{"line":44,"column":null}},"15":{"start":{"line":45,"column":4},"end":{"line":45,"column":null}},"16":{"start":{"line":50,"column":2},"end":{"line":50,"column":null}},"17":{"start":{"line":51,"column":2},"end":{"line":51,"column":null}},"18":{"start":{"line":55,"column":2},"end":{"line":55,"column":null}},"19":{"start":{"line":56,"column":2},"end":{"line":56,"column":null}},"20":{"start":{"line":60,"column":2},"end":{"line":60,"column":null}},"21":{"start":{"line":61,"column":2},"end":{"line":61,"column":null}},"22":{"start":{"line":64,"column":16},"end":{"line":331,"column":null}},"23":{"start":{"line":65,"column":37},"end":{"line":65,"column":null}},"24":{"start":{"line":67,"column":17},"end":{"line":67,"column":null}},"25":{"start":{"line":68,"column":2},"end":{"line":70,"column":null}},"26":{"start":{"line":69,"column":4},"end":{"line":69,"column":null}},"27":{"start":{"line":72,"column":2},"end":{"line":74,"column":null}},"28":{"start":{"line":73,"column":4},"end":{"line":73,"column":null}},"29":{"start":{"line":76,"column":22},"end":{"line":80,"column":null}},"30":{"start":{"line":78,"column":4},"end":{"line":78,"column":null}},"31":{"start":{"line":79,"column":4},"end":{"line":79,"column":null}},"32":{"start":{"line":83,"column":4},"end":{"line":83,"column":null}},"33":{"start":{"line":84,"column":4},"end":{"line":84,"column":null}},"34":{"start":{"line":86,"column":20},"end":{"line":86,"column":39}},"35":{"start":{"line":87,"column":15},"end":{"line":87,"column":null}},"36":{"start":{"line":88,"column":18},"end":{"line":88,"column":37}},"37":{"start":{"line":89,"column":23},"end":{"line":89,"column":null}},"38":{"start":{"line":91,"column":4},"end":{"line":96,"column":null}},"39":{"start":{"line":100,"column":19},"end":{"line":100,"column":21}},"40":{"start":{"line":104,"column":6},"end":{"line":109,"column":null}},"41":{"start":{"line":105,"column":8},"end":{"line":105,"column":null}},"42":{"start":{"line":106,"column":43},"end":{"line":106,"column":56}},"43":{"start":{"line":107,"column":8},"end":{"line":107,"column":null}},"44":{"start":{"line":108,"column":8},"end":{"line":108,"column":null}},"45":{"start":{"line":112,"column":4},"end":{"line":112,"column":null}},"46":{"start":{"line":113,"column":4},"end":{"line":113,"column":null}},"47":{"start":{"line":117,"column":4},"end":{"line":129,"column":null}},"48":{"start":{"line":118,"column":6},"end":{"line":118,"column":null}},"49":{"start":{"line":119,"column":6},"end":{"line":119,"column":null}},"50":{"start":{"line":120,"column":6},"end":{"line":120,"column":null}},"51":{"start":{"line":122,"column":6},"end":{"line":128,"column":null}},"52":{"start":{"line":123,"column":18},"end":{"line":123,"column":null}},"53":{"start":{"line":124,"column":8},"end":{"line":124,"column":null}},"54":{"start":{"line":125,"column":8},"end":{"line":125,"column":null}},"55":{"start":{"line":127,"column":8},"end":{"line":127,"column":null}},"56":{"start":{"line":133,"column":4},"end":{"line":133,"column":null}},"57":{"start":{"line":134,"column":19},"end":{"line":140,"column":null}},"58":{"start":{"line":135,"column":6},"end":{"line":135,"column":null}},"59":{"start":{"line":136,"column":6},"end":{"line":136,"column":null}},"60":{"start":{"line":137,"column":6},"end":{"line":139,"column":null}},"61":{"start":{"line":138,"column":8},"end":{"line":138,"column":null}},"62":{"start":{"line":143,"column":22},"end":{"line":143,"column":null}},"63":{"start":{"line":144,"column":4},"end":{"line":144,"column":null}},"64":{"start":{"line":146,"column":4},"end":{"line":151,"column":null}},"65":{"start":{"line":153,"column":4},"end":{"line":153,"column":null}},"66":{"start":{"line":157,"column":4},"end":{"line":157,"column":null}},"67":{"start":{"line":158,"column":4},"end":{"line":158,"column":null}},"68":{"start":{"line":160,"column":20},"end":{"line":160,"column":39}},"69":{"start":{"line":162,"column":4},"end":{"line":162,"column":null}},"70":{"start":{"line":163,"column":4},"end":{"line":163,"column":null}},"71":{"start":{"line":165,"column":4},"end":{"line":165,"column":null}},"72":{"start":{"line":167,"column":18},"end":{"line":167,"column":37}},"73":{"start":{"line":169,"column":4},"end":{"line":169,"column":null}},"74":{"start":{"line":172,"column":6},"end":{"line":172,"column":null}},"75":{"start":{"line":174,"column":4},"end":{"line":174,"column":null}},"76":{"start":{"line":176,"column":4},"end":{"line":181,"column":null}},"77":{"start":{"line":185,"column":4},"end":{"line":185,"column":null}},"78":{"start":{"line":186,"column":4},"end":{"line":186,"column":null}},"79":{"start":{"line":187,"column":30},"end":{"line":187,"column":32}},"80":{"start":{"line":188,"column":20},"end":{"line":188,"column":39}},"81":{"start":{"line":191,"column":4},"end":{"line":191,"column":null}},"82":{"start":{"line":193,"column":18},"end":{"line":193,"column":37}},"83":{"start":{"line":195,"column":36},"end":{"line":195,"column":61}},"84":{"start":{"line":196,"column":4},"end":{"line":201,"column":null}},"85":{"start":{"line":197,"column":6},"end":{"line":200,"column":null}},"86":{"start":{"line":202,"column":4},"end":{"line":205,"column":null}},"87":{"start":{"line":206,"column":4},"end":{"line":206,"column":null}},"88":{"start":{"line":207,"column":4},"end":{"line":207,"column":null}},"89":{"start":{"line":208,"column":4},"end":{"line":213,"column":null}},"90":{"start":{"line":228,"column":12},"end":{"line":234,"column":null}},"91":{"start":{"line":229,"column":26},"end":{"line":229,"column":null}},"92":{"start":{"line":230,"column":14},"end":{"line":230,"column":null}},"93":{"start":{"line":230,"column":41},"end":{"line":230,"column":null}},"94":{"start":{"line":231,"column":14},"end":{"line":231,"column":null}},"95":{"start":{"line":233,"column":14},"end":{"line":233,"column":null}},"96":{"start":{"line":245,"column":12},"end":{"line":250,"column":null}},"97":{"start":{"line":246,"column":26},"end":{"line":246,"column":null}},"98":{"start":{"line":247,"column":14},"end":{"line":247,"column":null}},"99":{"start":{"line":249,"column":14},"end":{"line":249,"column":null}},"100":{"start":{"line":261,"column":12},"end":{"line":267,"column":null}},"101":{"start":{"line":262,"column":26},"end":{"line":262,"column":null}},"102":{"start":{"line":263,"column":28},"end":{"line":263,"column":null}},"103":{"start":{"line":264,"column":14},"end":{"line":264,"column":null}},"104":{"start":{"line":266,"column":14},"end":{"line":266,"column":null}},"105":{"start":{"line":278,"column":12},"end":{"line":283,"column":null}},"106":{"start":{"line":279,"column":26},"end":{"line":279,"column":null}},"107":{"start":{"line":280,"column":14},"end":{"line":280,"column":null}},"108":{"start":{"line":282,"column":14},"end":{"line":282,"column":null}}},"fnMap":{"0":{"name":"back","decl":{"start":{"line":26,"column":9},"end":{"line":26,"column":null}},"loc":{"start":{"line":26,"column":9},"end":{"line":38,"column":null}}},"1":{"name":"reset","decl":{"start":{"line":40,"column":9},"end":{"line":40,"column":null}},"loc":{"start":{"line":40,"column":9},"end":{"line":47,"column":null}}},"2":{"name":"(anonymous_2)","decl":{"start":{"line":42,"column":32},"end":{"line":42,"column":33}},"loc":{"start":{"line":42,"column":33},"end":{"line":46,"column":null}}},"3":{"name":"inOrder","decl":{"start":{"line":49,"column":9},"end":{"line":49,"column":null}},"loc":{"start":{"line":49,"column":9},"end":{"line":52,"column":null}}},"4":{"name":"preOrder","decl":{"start":{"line":54,"column":9},"end":{"line":54,"column":null}},"loc":{"start":{"line":54,"column":9},"end":{"line":57,"column":null}}},"5":{"name":"postOrder","decl":{"start":{"line":59,"column":9},"end":{"line":59,"column":null}},"loc":{"start":{"line":59,"column":9},"end":{"line":62,"column":null}}},"6":{"name":"(anonymous_6)","decl":{"start":{"line":64,"column":16},"end":{"line":64,"column":null}},"loc":{"start":{"line":64,"column":16},"end":{"line":331,"column":null}}},"7":{"name":"(anonymous_7)","decl":{"start":{"line":68,"column":12},"end":{"line":68,"column":null}},"loc":{"start":{"line":68,"column":12},"end":{"line":70,"column":5}}},"8":{"name":"(anonymous_8)","decl":{"start":{"line":72,"column":12},"end":{"line":72,"column":null}},"loc":{"start":{"line":72,"column":12},"end":{"line":74,"column":5}}},"9":{"name":"(anonymous_9)","decl":{"start":{"line":76,"column":22},"end":{"line":76,"column":23}},"loc":{"start":{"line":76,"column":23},"end":{"line":80,"column":null}}},"10":{"name":"searchBST","decl":{"start":{"line":82,"column":11},"end":{"line":82,"column":21}},"loc":{"start":{"line":82,"column":26},"end":{"line":97,"column":null}}},"11":{"name":"getBSTValues","decl":{"start":{"line":99,"column":11},"end":{"line":99,"column":24}},"loc":{"start":{"line":99,"column":28},"end":{"line":114,"column":null}}},"12":{"name":"inOrderTraverse","decl":{"start":{"line":103,"column":13},"end":{"line":103,"column":29}},"loc":{"start":{"line":103,"column":33},"end":{"line":110,"column":null}}},"13":{"name":"next","decl":{"start":{"line":116,"column":11},"end":{"line":116,"column":null}},"loc":{"start":{"line":116,"column":11},"end":{"line":130,"column":null}}},"14":{"name":"createBST","decl":{"start":{"line":132,"column":11},"end":{"line":132,"column":null}},"loc":{"start":{"line":132,"column":11},"end":{"line":154,"column":null}}},"15":{"name":"(anonymous_15)","decl":{"start":{"line":134,"column":53},"end":{"line":134,"column":null}},"loc":{"start":{"line":134,"column":53},"end":{"line":140,"column":null}}},"16":{"name":"(anonymous_16)","decl":{"start":{"line":137,"column":36},"end":{"line":137,"column":37}},"loc":{"start":{"line":137,"column":37},"end":{"line":139,"column":null}}},"17":{"name":"insertBST","decl":{"start":{"line":156,"column":11},"end":{"line":156,"column":21}},"loc":{"start":{"line":156,"column":26},"end":{"line":182,"column":null}}},"18":{"name":"deleteBST","decl":{"start":{"line":184,"column":11},"end":{"line":184,"column":21}},"loc":{"start":{"line":184,"column":33},"end":{"line":214,"column":null}}},"19":{"name":"(anonymous_19)","decl":{"start":{"line":227,"column":19},"end":{"line":227,"column":null}},"loc":{"start":{"line":227,"column":19},"end":{"line":235,"column":null}}},"20":{"name":"(anonymous_20)","decl":{"start":{"line":230,"column":31},"end":{"line":230,"column":32}},"loc":{"start":{"line":230,"column":41},"end":{"line":230,"column":null}}},"21":{"name":"(anonymous_21)","decl":{"start":{"line":244,"column":19},"end":{"line":244,"column":null}},"loc":{"start":{"line":244,"column":19},"end":{"line":251,"column":null}}},"22":{"name":"(anonymous_22)","decl":{"start":{"line":260,"column":19},"end":{"line":260,"column":null}},"loc":{"start":{"line":260,"column":19},"end":{"line":268,"column":null}}},"23":{"name":"(anonymous_23)","decl":{"start":{"line":277,"column":19},"end":{"line":277,"column":null}},"loc":{"start":{"line":277,"column":19},"end":{"line":284,"column":null}}}},"branchMap":{"0":{"loc":{"start":{"line":27,"column":2},"end":{"line":37,"column":null}},"type":"if","locations":[{"start":{"line":27,"column":2},"end":{"line":37,"column":null}},{"start":{"line":29,"column":9},"end":{"line":37,"column":null}}]},"1":{"loc":{"start":{"line":30,"column":4},"end":{"line":36,"column":null}},"type":"if","locations":[{"start":{"line":30,"column":4},"end":{"line":36,"column":null}},{"start":{"line":34,"column":11},"end":{"line":36,"column":null}}]},"2":{"loc":{"start":{"line":104,"column":6},"end":{"line":109,"column":null}},"type":"if","locations":[{"start":{"line":104,"column":6},"end":{"line":109,"column":null}},{"start":{"line":104,"column":6},"end":{"line":109,"column":null}}]},"3":{"loc":{"start":{"line":117,"column":4},"end":{"line":129,"column":null}},"type":"if","locations":[{"start":{"line":117,"column":4},"end":{"line":129,"column":null}},{"start":{"line":121,"column":11},"end":{"line":129,"column":null}}]},"4":{"loc":{"start":{"line":122,"column":6},"end":{"line":128,"column":null}},"type":"if","locations":[{"start":{"line":122,"column":6},"end":{"line":128,"column":null}},{"start":{"line":126,"column":13},"end":{"line":128,"column":null}}]},"5":{"loc":{"start":{"line":196,"column":4},"end":{"line":201,"column":null}},"type":"if","locations":[{"start":{"line":196,"column":4},"end":{"line":201,"column":null}},{"start":{"line":196,"column":4},"end":{"line":201,"column":null}}]}},"s":{"0":1,"1":1,"2":1,"3":1,"4":1,"5":0,"6":0,"7":0,"8":0,"9":0,"10":0,"11":0,"12":0,"13":0,"14":0,"15":0,"16":0,"17":0,"18":0,"19":0,"20":0,"21":0,"22":1,"23":0,"24":0,"25":0,"26":0,"27":0,"28":0,"29":0,"30":0,"31":0,"32":0,"33":0,"34":0,"35":0,"36":0,"37":0,"38":0,"39":0,"40":0,"41":0,"42":0,"43":0,"44":0,"45":0,"46":0,"47":0,"48":0,"49":0,"50":0,"51":0,"52":0,"53":0,"54":0,"55":0,"56":0,"57":0,"58":0,"59":0,"60":0,"61":0,"62":0,"63":0,"64":0,"65":0,"66":0,"67":0,"68":0,"69":0,"70":0,"71":0,"72":0,"73":0,"74":0,"75":0,"76":0,"77":0,"78":0,"79":0,"80":0,"81":0,"82":0,"83":0,"84":0,"85":0,"86":0,"87":0,"88":0,"89":0,"90":0,"91":0,"92":0,"93":0,"94":0,"95":0,"96":0,"97":0,"98":0,"99":0,"100":0,"101":0,"102":0,"103":0,"104":0,"105":0,"106":0,"107":0,"108":0},"f":{"0":0,"1":0,"2":0,"3":0,"4":0,"5":0,"6":0,"7":0,"8":0,"9":0,"10":0,"11":0,"12":0,"13":0,"14":0,"15":0,"16":0,"17":0,"18":0,"19":0,"20":0,"21":0,"22":0,"23":0},"b":{"0":[0,0],"1":[0,0],"2":[0,0],"3":[0,0],"4":[0,0],"5":[0,0]}}
,"/Users/mynguyen/Repos/algo-shadow/packages/client/src/pages/algorithm/Hash.jsx": {"path":"/Users/mynguyen/Repos/algo-shadow/packages/client/src/pages/algorithm/Hash.jsx","statementMap":{"0":{"start":{"line":5,"column":12},"end":{"line":5,"column":null}},"1":{"start":{"line":6,"column":22},"end":{"line":184,"column":null}},"2":{"start":{"line":7,"column":28},"end":{"line":7,"column":null}},"3":{"start":{"line":8,"column":38},"end":{"line":8,"column":null}},"4":{"start":{"line":9,"column":40},"end":{"line":9,"column":null}},"5":{"start":{"line":17,"column":22},"end":{"line":28,"column":null}},"6":{"start":{"line":18,"column":4},"end":{"line":27,"column":null}},"7":{"start":{"line":19,"column":23},"end":{"line":19,"column":null}},"8":{"start":{"line":20,"column":6},"end":{"line":20,"column":null}},"9":{"start":{"line":21,"column":6},"end":{"line":21,"column":null}},"10":{"start":{"line":22,"column":6},"end":{"line":26,"column":null}},"11":{"start":{"line":23,"column":8},"end":{"line":23,"column":null}},"12":{"start":{"line":24,"column":8},"end":{"line":24,"column":null}},"13":{"start":{"line":25,"column":8},"end":{"line":25,"column":null}},"14":{"start":{"line":34,"column":17},"end":{"line":79,"column":null}},"15":{"start":{"line":35,"column":18},"end":{"line":35,"column":null}},"16":{"start":{"line":36,"column":4},"end":{"line":40,"column":null}},"17":{"start":{"line":37,"column":6},"end":{"line":37,"column":null}},"18":{"start":{"line":38,"column":6},"end":{"line":38,"column":null}},"19":{"start":{"line":39,"column":6},"end":{"line":39,"column":null}},"20":{"start":{"line":42,"column":4},"end":{"line":46,"column":null}},"21":{"start":{"line":43,"column":6},"end":{"line":43,"column":null}},"22":{"start":{"line":44,"column":6},"end":{"line":44,"column":null}},"23":{"start":{"line":45,"column":6},"end":{"line":45,"column":null}},"24":{"start":{"line":48,"column":4},"end":{"line":52,"column":null}},"25":{"start":{"line":48,"column":29},"end":{"line":48,"column":60}},"26":{"start":{"line":49,"column":6},"end":{"line":49,"column":null}},"27":{"start":{"line":50,"column":6},"end":{"line":50,"column":null}},"28":{"start":{"line":51,"column":6},"end":{"line":51,"column":null}},"29":{"start":{"line":54,"column":22},"end":{"line":54,"column":null}},"30":{"start":{"line":55,"column":18},"end":{"line":55,"column":null}},"31":{"start":{"line":56,"column":4},"end":{"line":63,"column":null}},"32":{"start":{"line":57,"column":6},"end":{"line":59,"column":null}},"33":{"start":{"line":58,"column":8},"end":{"line":58,"column":null}},"34":{"start":{"line":60,"column":6},"end":{"line":60,"column":null}},"35":{"start":{"line":61,"column":6},"end":{"line":61,"column":null}},"36":{"start":{"line":62,"column":6},"end":{"line":62,"column":null}},"37":{"start":{"line":65,"column":4},"end":{"line":71,"column":null}},"38":{"start":{"line":66,"column":6},"end":{"line":67,"column":null}},"39":{"start":{"line":69,"column":6},"end":{"line":69,"column":null}},"40":{"start":{"line":70,"column":6},"end":{"line":70,"column":null}},"41":{"start":{"line":73,"column":4},"end":{"line":73,"column":null}},"42":{"start":{"line":74,"column":21},"end":{"line":74,"column":null}},"43":{"start":{"line":75,"column":4},"end":{"line":75,"column":null}},"44":{"start":{"line":76,"column":4},"end":{"line":76,"column":null}},"45":{"start":{"line":77,"column":4},"end":{"line":77,"column":null}},"46":{"start":{"line":78,"column":4},"end":{"line":78,"column":null}},"47":{"start":{"line":85,"column":17},"end":{"line":115,"column":null}},"48":{"start":{"line":86,"column":18},"end":{"line":86,"column":null}},"49":{"start":{"line":87,"column":4},"end":{"line":91,"column":null}},"50":{"start":{"line":88,"column":6},"end":{"line":88,"column":null}},"51":{"start":{"line":89,"column":6},"end":{"line":89,"column":null}},"52":{"start":{"line":90,"column":6},"end":{"line":90,"column":null}},"53":{"start":{"line":93,"column":22},"end":{"line":93,"column":null}},"54":{"start":{"line":94,"column":18},"end":{"line":94,"column":null}},"55":{"start":{"line":95,"column":4},"end":{"line":111,"column":null}},"56":{"start":{"line":96,"column":6},"end":{"line":100,"column":null}},"57":{"start":{"line":97,"column":8},"end":{"line":97,"column":null}},"58":{"start":{"line":98,"column":8},"end":{"line":98,"column":null}},"59":{"start":{"line":99,"column":8},"end":{"line":99,"column":null}},"60":{"start":{"line":102,"column":6},"end":{"line":107,"column":null}},"61":{"start":{"line":103,"column":8},"end":{"line":103,"column":null}},"62":{"start":{"line":104,"column":8},"end":{"line":104,"column":null}},"63":{"start":{"line":105,"column":8},"end":{"line":105,"column":null}},"64":{"start":{"line":106,"column":8},"end":{"line":106,"column":null}},"65":{"start":{"line":109,"column":6},"end":{"line":109,"column":null}},"66":{"start":{"line":110,"column":6},"end":{"line":110,"column":null}},"67":{"start":{"line":113,"column":4},"end":{"line":113,"column":null}},"68":{"start":{"line":114,"column":4},"end":{"line":114,"column":null}},"69":{"start":{"line":121,"column":22},"end":{"line":155,"column":null}},"70":{"start":{"line":122,"column":18},"end":{"line":122,"column":null}},"71":{"start":{"line":123,"column":4},"end":{"line":127,"column":null}},"72":{"start":{"line":124,"column":6},"end":{"line":124,"column":null}},"73":{"start":{"line":125,"column":6},"end":{"line":125,"column":null}},"74":{"start":{"line":126,"column":6},"end":{"line":126,"column":null}},"75":{"start":{"line":129,"column":22},"end":{"line":129,"column":null}},"76":{"start":{"line":130,"column":18},"end":{"line":130,"column":null}},"77":{"start":{"line":131,"column":4},"end":{"line":151,"column":null}},"78":{"start":{"line":132,"column":6},"end":{"line":136,"column":null}},"79":{"start":{"line":133,"column":8},"end":{"line":133,"column":null}},"80":{"start":{"line":134,"column":8},"end":{"line":134,"column":null}},"81":{"start":{"line":135,"column":8},"end":{"line":135,"column":null}},"82":{"start":{"line":138,"column":6},"end":{"line":147,"column":null}},"83":{"start":{"line":139,"column":8},"end":{"line":139,"column":null}},"84":{"start":{"line":140,"column":25},"end":{"line":140,"column":null}},"85":{"start":{"line":141,"column":8},"end":{"line":141,"column":51}},"86":{"start":{"line":142,"column":8},"end":{"line":142,"column":null}},"87":{"start":{"line":143,"column":8},"end":{"line":143,"column":null}},"88":{"start":{"line":144,"column":8},"end":{"line":144,"column":null}},"89":{"start":{"line":145,"column":8},"end":{"line":145,"column":null}},"90":{"start":{"line":146,"column":8},"end":{"line":146,"column":null}},"91":{"start":{"line":149,"column":6},"end":{"line":149,"column":null}},"92":{"start":{"line":150,"column":6},"end":{"line":150,"column":null}},"93":{"start":{"line":153,"column":4},"end":{"line":153,"column":null}},"94":{"start":{"line":154,"column":4},"end":{"line":154,"column":null}},"95":{"start":{"line":177,"column":25},"end":{"line":177,"column":null}}},"fnMap":{"0":{"name":"(anonymous_0)","decl":{"start":{"line":6,"column":22},"end":{"line":6,"column":null}},"loc":{"start":{"line":6,"column":22},"end":{"line":184,"column":null}}},"1":{"name":"(anonymous_1)","decl":{"start":{"line":17,"column":22},"end":{"line":17,"column":29}},"loc":{"start":{"line":17,"column":29},"end":{"line":28,"column":null}}},"2":{"name":"(anonymous_2)","decl":{"start":{"line":18,"column":23},"end":{"line":18,"column":24}},"loc":{"start":{"line":18,"column":24},"end":{"line":27,"column":null}}},"3":{"name":"(anonymous_3)","decl":{"start":{"line":22,"column":17},"end":{"line":22,"column":null}},"loc":{"start":{"line":22,"column":17},"end":{"line":26,"column":9}}},"4":{"name":"(anonymous_4)","decl":{"start":{"line":34,"column":17},"end":{"line":34,"column":null}},"loc":{"start":{"line":34,"column":17},"end":{"line":79,"column":null}}},"5":{"name":"(anonymous_5)","decl":{"start":{"line":48,"column":19},"end":{"line":48,"column":20}},"loc":{"start":{"line":48,"column":29},"end":{"line":48,"column":60}}},"6":{"name":"(anonymous_6)","decl":{"start":{"line":85,"column":17},"end":{"line":85,"column":null}},"loc":{"start":{"line":85,"column":17},"end":{"line":115,"column":null}}},"7":{"name":"(anonymous_7)","decl":{"start":{"line":121,"column":22},"end":{"line":121,"column":null}},"loc":{"start":{"line":121,"column":22},"end":{"line":155,"column":null}}},"8":{"name":"(anonymous_9)","decl":{"start":{"line":177,"column":18},"end":{"line":177,"column":19}},"loc":{"start":{"line":177,"column":25},"end":{"line":177,"column":null}}}},"branchMap":{"0":{"loc":{"start":{"line":36,"column":4},"end":{"line":40,"column":null}},"type":"if","locations":[{"start":{"line":36,"column":4},"end":{"line":40,"column":null}},{"start":{"line":36,"column":4},"end":{"line":40,"column":null}}]},"1":{"loc":{"start":{"line":36,"column":8},"end":{"line":36,"column":49}},"type":"binary-expr","locations":[{"start":{"line":36,"column":8},"end":{"line":36,"column":24}},{"start":{"line":36,"column":24},"end":{"line":36,"column":37}},{"start":{"line":36,"column":37},"end":{"line":36,"column":49}}]},"2":{"loc":{"start":{"line":42,"column":4},"end":{"line":46,"column":null}},"type":"if","locations":[{"start":{"line":42,"column":4},"end":{"line":46,"column":null}},{"start":{"line":42,"column":4},"end":{"line":46,"column":null}}]},"3":{"loc":{"start":{"line":48,"column":4},"end":{"line":52,"column":null}},"type":"if","locations":[{"start":{"line":48,"column":4},"end":{"line":52,"column":null}},{"start":{"line":48,"column":4},"end":{"line":52,"column":null}}]},"4":{"loc":{"start":{"line":48,"column":29},"end":{"line":48,"column":60}},"type":"binary-expr","locations":[{"start":{"line":48,"column":29},"end":{"line":48,"column":37}},{"start":{"line":48,"column":37},"end":{"line":48,"column":60}}]},"5":{"loc":{"start":{"line":56,"column":11},"end":{"line":56,"column":48}},"type":"binary-expr","locations":[{"start":{"line":56,"column":11},"end":{"line":56,"column":29}},{"start":{"line":56,"column":33},"end":{"line":56,"column":48}}]},"6":{"loc":{"start":{"line":57,"column":6},"end":{"line":59,"column":null}},"type":"if","locations":[{"start":{"line":57,"column":6},"end":{"line":59,"column":null}},{"start":{"line":57,"column":6},"end":{"line":59,"column":null}}]},"7":{"loc":{"start":{"line":65,"column":4},"end":{"line":71,"column":null}},"type":"if","locations":[{"start":{"line":65,"column":4},"end":{"line":71,"column":null}},{"start":{"line":65,"column":4},"end":{"line":71,"column":null}}]},"8":{"loc":{"start":{"line":87,"column":4},"end":{"line":91,"column":null}},"type":"if","locations":[{"start":{"line":87,"column":4},"end":{"line":91,"column":null}},{"start":{"line":87,"column":4},"end":{"line":91,"column":null}}]},"9":{"loc":{"start":{"line":87,"column":8},"end":{"line":87,"column":49}},"type":"binary-expr","locations":[{"start":{"line":87,"column":8},"end":{"line":87,"column":24}},{"start":{"line":87,"column":24},"end":{"line":87,"column":37}},{"start":{"line":87,"column":37},"end":{"line":87,"column":49}}]},"10":{"loc":{"start":{"line":95,"column":11},"end":{"line":95,"column":48}},"type":"binary-expr","locations":[{"start":{"line":95,"column":11},"end":{"line":95,"column":29}},{"start":{"line":95,"column":33},"end":{"line":95,"column":48}}]},"11":{"loc":{"start":{"line":96,"column":6},"end":{"line":100,"column":null}},"type":"if","locations":[{"start":{"line":96,"column":6},"end":{"line":100,"column":null}},{"start":{"line":96,"column":6},"end":{"line":100,"column":null}}]},"12":{"loc":{"start":{"line":96,"column":10},"end":{"line":96,"column":58}},"type":"binary-expr","locations":[{"start":{"line":96,"column":10},"end":{"line":96,"column":28}},{"start":{"line":96,"column":32},"end":{"line":96,"column":58}}]},"13":{"loc":{"start":{"line":102,"column":6},"end":{"line":107,"column":null}},"type":"if","locations":[{"start":{"line":102,"column":6},"end":{"line":107,"column":null}},{"start":{"line":102,"column":6},"end":{"line":107,"column":null}}]},"14":{"loc":{"start":{"line":102,"column":10},"end":{"line":102,"column":68}},"type":"binary-expr","locations":[{"start":{"line":102,"column":10},"end":{"line":102,"column":28}},{"start":{"line":102,"column":32},"end":{"line":102,"column":68}}]},"15":{"loc":{"start":{"line":123,"column":4},"end":{"line":127,"column":null}},"type":"if","locations":[{"start":{"line":123,"column":4},"end":{"line":127,"column":null}},{"start":{"line":123,"column":4},"end":{"line":127,"column":null}}]},"16":{"loc":{"start":{"line":123,"column":8},"end":{"line":123,"column":49}},"type":"binary-expr","locations":[{"start":{"line":123,"column":8},"end":{"line":123,"column":24}},{"start":{"line":123,"column":24},"end":{"line":123,"column":37}},{"start":{"line":123,"column":37},"end":{"line":123,"column":49}}]},"17":{"loc":{"start":{"line":131,"column":11},"end":{"line":131,"column":48}},"type":"binary-expr","locations":[{"start":{"line":131,"column":11},"end":{"line":131,"column":29}},{"start":{"line":131,"column":33},"end":{"line":131,"column":48}}]},"18":{"loc":{"start":{"line":132,"column":6},"end":{"line":136,"column":null}},"type":"if","locations":[{"start":{"line":132,"column":6},"end":{"line":136,"column":null}},{"start":{"line":132,"column":6},"end":{"line":136,"column":null}}]},"19":{"loc":{"start":{"line":132,"column":10},"end":{"line":132,"column":58}},"type":"binary-expr","locations":[{"start":{"line":132,"column":10},"end":{"line":132,"column":28}},{"start":{"line":132,"column":32},"end":{"line":132,"column":58}}]},"20":{"loc":{"start":{"line":138,"column":6},"end":{"line":147,"column":null}},"type":"if","locations":[{"start":{"line":138,"column":6},"end":{"line":147,"column":null}},{"start":{"line":138,"column":6},"end":{"line":147,"column":null}}]},"21":{"loc":{"start":{"line":138,"column":10},"end":{"line":138,"column":68}},"type":"binary-expr","locations":[{"start":{"line":138,"column":10},"end":{"line":138,"column":28}},{"start":{"line":138,"column":32},"end":{"line":138,"column":68}}]},"22":{"loc":{"start":{"line":165,"column":14},"end":{"line":165,"column":null}},"type":"cond-expr","locations":[{"start":{"line":165,"column":41},"end":{"line":165,"column":61}},{"start":{"line":165,"column":61},"end":{"line":165,"column":null}}]},"23":{"loc":{"start":{"line":165,"column":14},"end":{"line":165,"column":38}},"type":"binary-expr","locations":[{"start":{"line":165,"column":14},"end":{"line":165,"column":22}},{"start":{"line":165,"column":22},"end":{"line":165,"column":38}}]},"24":{"loc":{"start":{"line":168,"column":13},"end":{"line":168,"column":null}},"type":"cond-expr","locations":[{"start":{"line":168,"column":20},"end":{"line":168,"column":30}},{"start":{"line":168,"column":33},"end":{"line":168,"column":null}}]}},"s":{"0":1,"1":1,"2":22,"3":22,"4":22,"5":22,"6":5,"7":5,"8":5,"9":5,"10":5,"11":5,"12":5,"13":5,"14":22,"15":3,"16":3,"17":0,"18":0,"19":0,"20":3,"21":0,"22":0,"23":0,"24":3,"25":60,"26":0,"27":0,"28":0,"29":3,"30":3,"31":3,"32":0,"33":0,"34":0,"35":0,"36":0,"37":3,"38":0,"39":0,"40":0,"41":3,"42":3,"43":3,"44":3,"45":3,"46":3,"47":22,"48":1,"49":1,"50":0,"51":0,"52":0,"53":1,"54":1,"55":1,"56":1,"57":0,"58":0,"59":0,"60":1,"61":1,"62":1,"63":1,"64":1,"65":0,"66":0,"67":0,"68":0,"69":22,"70":1,"71":1,"72":0,"73":0,"74":0,"75":1,"76":1,"77":1,"78":1,"79":0,"80":0,"81":0,"82":1,"83":1,"84":1,"85":1,"86":1,"87":1,"88":1,"89":1,"90":1,"91":0,"92":0,"93":0,"94":0,"95":5},"f":{"0":22,"1":5,"2":5,"3":5,"4":3,"5":60,"6":1,"7":1,"8":5},"b":{"0":[0,3],"1":[3,3,3],"2":[0,3],"3":[0,3],"4":[60,0],"5":[3,0],"6":[0,0],"7":[0,3],"8":[0,1],"9":[1,1,1],"10":[1,1],"11":[0,1],"12":[1,1],"13":[1,0],"14":[1,1],"15":[0,1],"16":[1,1,1],"17":[1,1],"18":[0,1],"19":[1,1],"20":[1,0],"21":[1,1],"22":[5,435],"23":[440,15],"24":[15,425]}}
,"/Users/mynguyen/Repos/algo-shadow/packages/client/src/pages/algorithm/Heap.jsx": {"path":"/Users/mynguyen/Repos/algo-shadow/packages/client/src/pages/algorithm/Heap.jsx","statementMap":{"0":{"start":{"line":17,"column":11},"end":{"line":17,"column":null}},"1":{"start":{"line":18,"column":20},"end":{"line":18,"column":null}},"2":{"start":{"line":19,"column":15},"end":{"line":19,"column":null}},"3":{"start":{"line":20,"column":13},"end":{"line":20,"column":15}},"4":{"start":{"line":21,"column":11},"end":{"line":21,"column":null}},"5":{"start":{"line":22,"column":18},"end":{"line":22,"column":null}},"6":{"start":{"line":23,"column":18},"end":{"line":23,"column":29}},"7":{"start":{"line":24,"column":12},"end":{"line":24,"column":null}},"8":{"start":{"line":27,"column":17},"end":{"line":27,"column":null}},"9":{"start":{"line":28,"column":21},"end":{"line":28,"column":null}},"10":{"start":{"line":29,"column":37},"end":{"line":29,"column":null}},"11":{"start":{"line":32,"column":4},"end":{"line":32,"column":null}},"12":{"start":{"line":33,"column":4},"end":{"line":33,"column":null}},"13":{"start":{"line":37,"column":4},"end":{"line":37,"column":null}},"14":{"start":{"line":38,"column":4},"end":{"line":39,"column":null}},"15":{"start":{"line":38,"column":21},"end":{"line":38,"column":null}},"16":{"start":{"line":39,"column":9},"end":{"line":39,"column":null}},"17":{"start":{"line":42,"column":2},"end":{"line":44,"column":null}},"18":{"start":{"line":43,"column":4},"end":{"line":43,"column":null}},"19":{"start":{"line":46,"column":2},"end":{"line":48,"column":null}},"20":{"start":{"line":47,"column":4},"end":{"line":47,"column":null}},"21":{"start":{"line":51,"column":4},"end":{"line":51,"column":null}},"22":{"start":{"line":52,"column":4},"end":{"line":52,"column":null}},"23":{"start":{"line":53,"column":4},"end":{"line":53,"column":null}},"24":{"start":{"line":54,"column":4},"end":{"line":54,"column":13}},"25":{"start":{"line":55,"column":19},"end":{"line":58,"column":null}},"26":{"start":{"line":56,"column":6},"end":{"line":56,"column":null}},"27":{"start":{"line":57,"column":6},"end":{"line":57,"column":null}},"28":{"start":{"line":60,"column":4},"end":{"line":60,"column":null}},"29":{"start":{"line":64,"column":4},"end":{"line":69,"column":null}},"30":{"start":{"line":73,"column":4},"end":{"line":73,"column":null}},"31":{"start":{"line":74,"column":4},"end":{"line":74,"column":null}},"32":{"start":{"line":75,"column":4},"end":{"line":75,"column":null}},"33":{"start":{"line":76,"column":4},"end":{"line":76,"column":74}},"34":{"start":{"line":77,"column":4},"end":{"line":77,"column":null}},"35":{"start":{"line":78,"column":19},"end":{"line":81,"column":null}},"36":{"start":{"line":79,"column":6},"end":{"line":79,"column":null}},"37":{"start":{"line":80,"column":6},"end":{"line":80,"column":null}},"38":{"start":{"line":82,"column":4},"end":{"line":82,"column":null}},"39":{"start":{"line":85,"column":6},"end":{"line":85,"column":70}},"40":{"start":{"line":89,"column":4},"end":{"line":94,"column":null}},"41":{"start":{"line":100,"column":4},"end":{"line":100,"column":null}},"42":{"start":{"line":101,"column":4},"end":{"line":101,"column":74}},"43":{"start":{"line":102,"column":4},"end":{"line":102,"column":13}},"44":{"start":{"line":103,"column":4},"end":{"line":103,"column":null}},"45":{"start":{"line":104,"column":19},"end":{"line":114,"column":null}},"46":{"start":{"line":105,"column":6},"end":{"line":105,"column":null}},"47":{"start":{"line":106,"column":6},"end":{"line":112,"column":null}},"48":{"start":{"line":113,"column":6},"end":{"line":113,"column":null}},"49":{"start":{"line":116,"column":4},"end":{"line":116,"column":56}},"50":{"start":{"line":118,"column":4},"end":{"line":123,"column":null}},"51":{"start":{"line":127,"column":4},"end":{"line":129,"column":null}},"52":{"start":{"line":128,"column":6},"end":{"line":128,"column":null}},"53":{"start":{"line":130,"column":4},"end":{"line":130,"column":null}},"54":{"start":{"line":131,"column":4},"end":{"line":131,"column":null}},"55":{"start":{"line":132,"column":4},"end":{"line":132,"column":74}},"56":{"start":{"line":133,"column":4},"end":{"line":133,"column":null}},"57":{"start":{"line":134,"column":4},"end":{"line":138,"column":null}},"58":{"start":{"line":143,"column":4},"end":{"line":143,"column":null}},"59":{"start":{"line":144,"column":4},"end":{"line":144,"column":74}},"60":{"start":{"line":145,"column":4},"end":{"line":145,"column":null}},"61":{"start":{"line":146,"column":4},"end":{"line":146,"column":null}},"62":{"start":{"line":147,"column":4},"end":{"line":147,"column":null}},"63":{"start":{"line":148,"column":4},"end":{"line":154,"column":null}},"64":{"start":{"line":157,"column":22},"end":{"line":161,"column":null}},"65":{"start":{"line":159,"column":4},"end":{"line":159,"column":null}},"66":{"start":{"line":160,"column":4},"end":{"line":160,"column":null}},"67":{"start":{"line":176,"column":12},"end":{"line":182,"column":null}},"68":{"start":{"line":177,"column":26},"end":{"line":177,"column":null}},"69":{"start":{"line":178,"column":14},"end":{"line":178,"column":null}},"70":{"start":{"line":178,"column":41},"end":{"line":178,"column":null}},"71":{"start":{"line":179,"column":14},"end":{"line":179,"column":null}},"72":{"start":{"line":181,"column":14},"end":{"line":181,"column":null}},"73":{"start":{"line":193,"column":12},"end":{"line":198,"column":null}},"74":{"start":{"line":194,"column":26},"end":{"line":194,"column":null}},"75":{"start":{"line":195,"column":14},"end":{"line":195,"column":null}},"76":{"start":{"line":197,"column":14},"end":{"line":197,"column":null}},"77":{"start":{"line":209,"column":12},"end":{"line":215,"column":null}},"78":{"start":{"line":210,"column":26},"end":{"line":210,"column":null}},"79":{"start":{"line":211,"column":28},"end":{"line":211,"column":null}},"80":{"start":{"line":212,"column":14},"end":{"line":212,"column":null}},"81":{"start":{"line":214,"column":14},"end":{"line":214,"column":null}},"82":{"start":{"line":236,"column":28},"end":{"line":236,"column":null}},"83":{"start":{"line":242,"column":28},"end":{"line":242,"column":null}},"84":{"start":{"line":252,"column":14},"end":{"line":252,"column":null}},"85":{"start":{"line":253,"column":14},"end":{"line":253,"column":null}}},"fnMap":{"0":{"name":"HeapPage","decl":{"start":{"line":26,"column":9},"end":{"line":26,"column":null}},"loc":{"start":{"line":26,"column":9},"end":{"line":272,"column":null}}},"1":{"name":"empty","decl":{"start":{"line":31,"column":11},"end":{"line":31,"column":null}},"loc":{"start":{"line":31,"column":11},"end":{"line":34,"column":null}}},"2":{"name":"reset","decl":{"start":{"line":36,"column":11},"end":{"line":36,"column":null}},"loc":{"start":{"line":36,"column":11},"end":{"line":40,"column":null}}},"3":{"name":"(anonymous_3)","decl":{"start":{"line":42,"column":12},"end":{"line":42,"column":null}},"loc":{"start":{"line":42,"column":12},"end":{"line":44,"column":5}}},"4":{"name":"(anonymous_4)","decl":{"start":{"line":46,"column":12},"end":{"line":46,"column":null}},"loc":{"start":{"line":46,"column":12},"end":{"line":48,"column":5}}},"5":{"name":"createHeap","decl":{"start":{"line":50,"column":11},"end":{"line":50,"column":null}},"loc":{"start":{"line":50,"column":11},"end":{"line":70,"column":null}}},"6":{"name":"(anonymous_6)","decl":{"start":{"line":55,"column":54},"end":{"line":55,"column":null}},"loc":{"start":{"line":55,"column":54},"end":{"line":58,"column":null}}},"7":{"name":"insertNewNodeToHeap","decl":{"start":{"line":72,"column":11},"end":{"line":72,"column":31}},"loc":{"start":{"line":72,"column":36},"end":{"line":97,"column":null}}},"8":{"name":"(anonymous_8)","decl":{"start":{"line":78,"column":64},"end":{"line":78,"column":null}},"loc":{"start":{"line":78,"column":64},"end":{"line":81,"column":null}}},"9":{"name":"deleteNodeFromHeap","decl":{"start":{"line":99,"column":11},"end":{"line":99,"column":30}},"loc":{"start":{"line":99,"column":38},"end":{"line":124,"column":null}}},"10":{"name":"(anonymous_10)","decl":{"start":{"line":104,"column":63},"end":{"line":104,"column":null}},"loc":{"start":{"line":104,"column":63},"end":{"line":114,"column":null}}},"11":{"name":"increaseKey","decl":{"start":{"line":126,"column":11},"end":{"line":126,"column":23}},"loc":{"start":{"line":126,"column":31},"end":{"line":140,"column":null}}},"12":{"name":"extraHeap","decl":{"start":{"line":142,"column":11},"end":{"line":142,"column":null}},"loc":{"start":{"line":142,"column":11},"end":{"line":155,"column":null}}},"13":{"name":"(anonymous_13)","decl":{"start":{"line":157,"column":22},"end":{"line":157,"column":23}},"loc":{"start":{"line":157,"column":23},"end":{"line":161,"column":null}}},"14":{"name":"(anonymous_14)","decl":{"start":{"line":175,"column":19},"end":{"line":175,"column":null}},"loc":{"start":{"line":175,"column":19},"end":{"line":183,"column":null}}},"15":{"name":"(anonymous_15)","decl":{"start":{"line":178,"column":31},"end":{"line":178,"column":32}},"loc":{"start":{"line":178,"column":41},"end":{"line":178,"column":null}}},"16":{"name":"(anonymous_16)","decl":{"start":{"line":192,"column":19},"end":{"line":192,"column":null}},"loc":{"start":{"line":192,"column":19},"end":{"line":199,"column":null}}},"17":{"name":"(anonymous_17)","decl":{"start":{"line":208,"column":19},"end":{"line":208,"column":null}},"loc":{"start":{"line":208,"column":19},"end":{"line":216,"column":null}}},"18":{"name":"(anonymous_18)","decl":{"start":{"line":236,"column":21},"end":{"line":236,"column":28}},"loc":{"start":{"line":236,"column":28},"end":{"line":236,"column":null}}},"19":{"name":"(anonymous_19)","decl":{"start":{"line":242,"column":21},"end":{"line":242,"column":28}},"loc":{"start":{"line":242,"column":28},"end":{"line":242,"column":null}}},"20":{"name":"(anonymous_20)","decl":{"start":{"line":251,"column":21},"end":{"line":251,"column":null}},"loc":{"start":{"line":251,"column":21},"end":{"line":254,"column":null}}}},"branchMap":{"0":{"loc":{"start":{"line":38,"column":4},"end":{"line":39,"column":null}},"type":"if","locations":[{"start":{"line":38,"column":4},"end":{"line":39,"column":null}},{"start":{"line":39,"column":9},"end":{"line":39,"column":null}}]},"1":{"loc":{"start":{"line":127,"column":4},"end":{"line":129,"column":null}},"type":"if","locations":[{"start":{"line":127,"column":4},"end":{"line":129,"column":null}},{"start":{"line":127,"column":4},"end":{"line":129,"column":null}}]}},"s":{"0":1,"1":1,"2":1,"3":1,"4":1,"5":1,"6":1,"7":1,"8":2,"9":2,"10":2,"11":1,"12":1,"13":1,"14":1,"15":1,"16":0,"17":2,"18":1,"19":2,"20":1,"21":1,"22":1,"23":1,"24":1,"25":1,"26":10,"27":10,"28":1,"29":1,"30":0,"31":0,"32":0,"33":0,"34":0,"35":0,"36":0,"37":0,"38":0,"39":0,"40":0,"41":0,"42":0,"43":0,"44":0,"45":0,"46":0,"47":0,"48":0,"49":0,"50":0,"51":0,"52":0,"53":0,"54":0,"55":0,"56":0,"57":0,"58":0,"59":0,"60":0,"61":0,"62":0,"63":0,"64":2,"65":0,"66":0,"67":0,"68":0,"69":0,"70":0,"71":0,"72":0,"73":0,"74":0,"75":0,"76":0,"77":0,"78":0,"79":0,"80":0,"81":0,"82":0,"83":0,"84":0,"85":0},"f":{"0":2,"1":1,"2":1,"3":1,"4":1,"5":1,"6":10,"7":0,"8":0,"9":0,"10":0,"11":0,"12":0,"13":0,"14":0,"15":0,"16":0,"17":0,"18":0,"19":0,"20":0},"b":{"0":[1,0],"1":[0,0]}}
,"/Users/mynguyen/Repos/algo-shadow/packages/client/src/pages/algorithm/algo-component/AlgorithmSpace.jsx": {"path":"/Users/mynguyen/Repos/algo-shadow/packages/client/src/pages/algorithm/algo-component/AlgorithmSpace.jsx","statementMap":{"0":{"start":{"line":4,"column":30},"end":{"line":25,"column":2}},"1":{"start":{"line":14,"column":10},"end":{"line":14,"column":61}}},"fnMap":{"0":{"name":"(anonymous_0)","decl":{"start":{"line":4,"column":30},"end":{"line":4,"column":31}},"loc":{"start":{"line":4,"column":66},"end":{"line":25,"column":2}}},"1":{"name":"(anonymous_1)","decl":{"start":{"line":13,"column":19},"end":{"line":13,"column":20}},"loc":{"start":{"line":14,"column":10},"end":{"line":14,"column":61}}}},"branchMap":{},"s":{"0":2,"1":2},"f":{"0":2,"1":2},"b":{}}
,"/Users/mynguyen/Repos/algo-shadow/packages/client/src/pages/algorithm/algo-component/SaveInputToLocalStorage.jsx": {"path":"/Users/mynguyen/Repos/algo-shadow/packages/client/src/pages/algorithm/algo-component/SaveInputToLocalStorage.jsx","statementMap":{"0":{"start":{"line":26,"column":39},"end":{"line":120,"column":2}},"1":{"start":{"line":31,"column":21},"end":{"line":31,"column":48}},"2":{"start":{"line":33,"column":38},"end":{"line":33,"column":null}},"3":{"start":{"line":34,"column":42},"end":{"line":34,"column":null}},"4":{"start":{"line":35,"column":40},"end":{"line":35,"column":null}},"5":{"start":{"line":36,"column":44},"end":{"line":36,"column":null}},"6":{"start":{"line":38,"column":20},"end":{"line":46,"column":null}},"7":{"start":{"line":39,"column":27},"end":{"line":39,"column":77}},"8":{"start":{"line":41,"column":4},"end":{"line":41,"column":null}},"9":{"start":{"line":43,"column":26},"end":{"line":43,"column":null}},"10":{"start":{"line":44,"column":4},"end":{"line":44,"column":null}},"11":{"start":{"line":45,"column":4},"end":{"line":45,"column":null}},"12":{"start":{"line":48,"column":2},"end":{"line":51,"column":null}},"13":{"start":{"line":49,"column":25},"end":{"line":49,"column":75}},"14":{"start":{"line":50,"column":4},"end":{"line":50,"column":null}},"15":{"start":{"line":53,"column":26},"end":{"line":55,"column":null}},"16":{"start":{"line":54,"column":4},"end":{"line":54,"column":null}},"17":{"start":{"line":57,"column":30},"end":{"line":61,"column":null}},"18":{"start":{"line":58,"column":24},"end":{"line":58,"column":47}},"19":{"start":{"line":59,"column":4},"end":{"line":59,"column":null}},"20":{"start":{"line":60,"column":4},"end":{"line":60,"column":null}},"21":{"start":{"line":63,"column":28},"end":{"line":71,"column":null}},"22":{"start":{"line":64,"column":4},"end":{"line":70,"column":null}},"23":{"start":{"line":65,"column":25},"end":{"line":65,"column":null}},"24":{"start":{"line":66,"column":6},"end":{"line":66,"column":null}},"25":{"start":{"line":67,"column":6},"end":{"line":67,"column":null}},"26":{"start":{"line":69,"column":6},"end":{"line":69,"column":null}},"27":{"start":{"line":83,"column":27},"end":{"line":83,"column":null}},"28":{"start":{"line":84,"column":25},"end":{"line":84,"column":null}},"29":{"start":{"line":109,"column":33},"end":{"line":109,"column":null}}},"fnMap":{"0":{"name":"(anonymous_0)","decl":{"start":{"line":26,"column":39},"end":{"line":26,"column":40}},"loc":{"start":{"line":30,"column":1},"end":{"line":120,"column":2}}},"1":{"name":"(anonymous_1)","decl":{"start":{"line":38,"column":20},"end":{"line":38,"column":null}},"loc":{"start":{"line":38,"column":20},"end":{"line":46,"column":null}}},"2":{"name":"(anonymous_2)","decl":{"start":{"line":48,"column":12},"end":{"line":48,"column":null}},"loc":{"start":{"line":48,"column":12},"end":{"line":51,"column":5}}},"3":{"name":"(anonymous_3)","decl":{"start":{"line":53,"column":26},"end":{"line":53,"column":null}},"loc":{"start":{"line":53,"column":26},"end":{"line":55,"column":null}}},"4":{"name":"(anonymous_4)","decl":{"start":{"line":57,"column":30},"end":{"line":57,"column":31}},"loc":{"start":{"line":57,"column":31},"end":{"line":61,"column":null}}},"5":{"name":"(anonymous_5)","decl":{"start":{"line":63,"column":28},"end":{"line":63,"column":null}},"loc":{"start":{"line":63,"column":28},"end":{"line":71,"column":null}}},"6":{"name":"(anonymous_6)","decl":{"start":{"line":83,"column":20},"end":{"line":83,"column":21}},"loc":{"start":{"line":83,"column":27},"end":{"line":83,"column":null}}},"7":{"name":"(anonymous_7)","decl":{"start":{"line":84,"column":19},"end":{"line":84,"column":25}},"loc":{"start":{"line":84,"column":25},"end":{"line":84,"column":null}}},"8":{"name":"(anonymous_9)","decl":{"start":{"line":109,"column":27},"end":{"line":109,"column":33}},"loc":{"start":{"line":109,"column":33},"end":{"line":109,"column":null}}}},"branchMap":{"0":{"loc":{"start":{"line":39,"column":27},"end":{"line":39,"column":77}},"type":"binary-expr","locations":[{"start":{"line":39,"column":27},"end":{"line":39,"column":75}},{"start":{"line":39,"column":75},"end":{"line":39,"column":77}}]},"1":{"loc":{"start":{"line":49,"column":25},"end":{"line":49,"column":75}},"type":"binary-expr","locations":[{"start":{"line":49,"column":25},"end":{"line":49,"column":73}},{"start":{"line":49,"column":73},"end":{"line":49,"column":75}}]},"2":{"loc":{"start":{"line":64,"column":4},"end":{"line":70,"column":null}},"type":"if","locations":[{"start":{"line":64,"column":4},"end":{"line":70,"column":null}},{"start":{"line":68,"column":11},"end":{"line":70,"column":null}}]},"3":{"loc":{"start":{"line":87,"column":26},"end":{"line":87,"column":null}},"type":"binary-expr","locations":[{"start":{"line":87,"column":26},"end":{"line":87,"column":null}}]},"4":{"loc":{"start":{"line":94,"column":9},"end":{"line":94,"column":null}},"type":"binary-expr","locations":[{"start":{"line":94,"column":9},"end":{"line":94,"column":null}}]}},"s":{"0":2,"1":2,"2":2,"3":2,"4":2,"5":2,"6":2,"7":0,"8":0,"9":0,"10":0,"11":0,"12":2,"13":1,"14":1,"15":2,"16":0,"17":2,"18":0,"19":0,"20":0,"21":2,"22":0,"23":0,"24":0,"25":0,"26":0,"27":0,"28":0,"29":0},"f":{"0":2,"1":0,"2":1,"3":0,"4":0,"5":0,"6":0,"7":0,"8":0},"b":{"0":[0,0],"1":[1,1],"2":[0,0],"3":[2],"4":[2]}}
,"/Users/mynguyen/Repos/algo-shadow/packages/client/src/pages/algorithm/algo-component/TableCreater.jsx": {"path":"/Users/mynguyen/Repos/algo-shadow/packages/client/src/pages/algorithm/algo-component/TableCreater.jsx","statementMap":{"0":{"start":{"line":30,"column":2},"end":{"line":30,"column":null}},"1":{"start":{"line":30,"column":44},"end":{"line":30,"column":null}},"2":{"start":{"line":33,"column":26},"end":{"line":33,"column":null}},"3":{"start":{"line":59,"column":48},"end":{"line":59,"column":58}}},"fnMap":{"0":{"name":"ResultsTable","decl":{"start":{"line":28,"column":9},"end":{"line":28,"column":22}},"loc":{"start":{"line":28,"column":35},"end":{"line":73,"column":null}}},"1":{"name":"(anonymous_2)","decl":{"start":{"line":59,"column":38},"end":{"line":59,"column":39}},"loc":{"start":{"line":59,"column":48},"end":{"line":59,"column":58}}}},"branchMap":{"0":{"loc":{"start":{"line":30,"column":2},"end":{"line":30,"column":null}},"type":"if","locations":[{"start":{"line":30,"column":2},"end":{"line":30,"column":null}},{"start":{"line":30,"column":2},"end":{"line":30,"column":null}}]},"1":{"loc":{"start":{"line":30,"column":6},"end":{"line":30,"column":44}},"type":"binary-expr","locations":[{"start":{"line":30,"column":6},"end":{"line":30,"column":20}},{"start":{"line":30,"column":20},"end":{"line":30,"column":44}}]},"2":{"loc":{"start":{"line":53,"column":17},"end":{"line":55,"column":32}},"type":"cond-expr","locations":[{"start":{"line":54,"column":20},"end":{"line":54,"column":null}},{"start":{"line":55,"column":20},"end":{"line":55,"column":32}}]},"3":{"loc":{"start":{"line":58,"column":17},"end":{"line":60,"column":33}},"type":"cond-expr","locations":[{"start":{"line":59,"column":20},"end":{"line":59,"column":null}},{"start":{"line":60,"column":20},"end":{"line":60,"column":33}}]},"4":{"loc":{"start":{"line":58,"column":17},"end":{"line":58,"column":null}},"type":"binary-expr","locations":[{"start":{"line":58,"column":17},"end":{"line":58,"column":30}},{"start":{"line":58,"column":34},"end":{"line":58,"column":null}}]},"5":{"loc":{"start":{"line":63,"column":17},"end":{"line":65,"column":null}},"type":"cond-expr","locations":[{"start":{"line":64,"column":20},"end":{"line":64,"column":null}},{"start":{"line":65,"column":20},"end":{"line":65,"column":null}}]}},"s":{"0":2,"1":1,"2":1,"3":10},"f":{"0":2,"1":10},"b":{"0":[1,1],"1":[2,2],"2":[1,0],"3":[1,0],"4":[1,1],"5":[1,0]}}
,"/Users/mynguyen/Repos/algo-shadow/packages/client/src/pages/algorithm/algo-component/useTableData.jsx": {"path":"/Users/mynguyen/Repos/algo-shadow/packages/client/src/pages/algorithm/algo-component/useTableData.jsx","statementMap":{"0":{"start":{"line":3,"column":21},"end":{"line":22,"column":null}},"1":{"start":{"line":4,"column":36},"end":{"line":4,"column":null}},"2":{"start":{"line":6,"column":2},"end":{"line":11,"column":null}},"3":{"start":{"line":7,"column":23},"end":{"line":7,"column":null}},"4":{"start":{"line":8,"column":4},"end":{"line":10,"column":null}},"5":{"start":{"line":9,"column":6},"end":{"line":9,"column":null}},"6":{"start":{"line":13,"column":22},"end":{"line":19,"column":null}},"7":{"start":{"line":14,"column":4},"end":{"line":18,"column":null}},"8":{"start":{"line":15,"column":26},"end":{"line":15,"column":64}},"9":{"start":{"line":16,"column":6},"end":{"line":16,"column":null}},"10":{"start":{"line":17,"column":6},"end":{"line":17,"column":null}},"11":{"start":{"line":21,"column":2},"end":{"line":21,"column":null}}},"fnMap":{"0":{"name":"(anonymous_0)","decl":{"start":{"line":3,"column":21},"end":{"line":3,"column":22}},"loc":{"start":{"line":3,"column":22},"end":{"line":22,"column":null}}},"1":{"name":"(anonymous_1)","decl":{"start":{"line":6,"column":12},"end":{"line":6,"column":null}},"loc":{"start":{"line":6,"column":12},"end":{"line":11,"column":5}}},"2":{"name":"(anonymous_2)","decl":{"start":{"line":13,"column":22},"end":{"line":13,"column":23}},"loc":{"start":{"line":13,"column":23},"end":{"line":19,"column":null}}},"3":{"name":"(anonymous_3)","decl":{"start":{"line":14,"column":17},"end":{"line":14,"column":18}},"loc":{"start":{"line":14,"column":18},"end":{"line":18,"column":null}}}},"branchMap":{"0":{"loc":{"start":{"line":8,"column":4},"end":{"line":10,"column":null}},"type":"if","locations":[{"start":{"line":8,"column":4},"end":{"line":10,"column":null}},{"start":{"line":8,"column":4},"end":{"line":10,"column":null}}]}},"s":{"0":2,"1":2,"2":2,"3":1,"4":1,"5":0,"6":2,"7":1,"8":1,"9":1,"10":1,"11":2},"f":{"0":2,"1":1,"2":1,"3":1},"b":{"0":[0,1]}}
,"/Users/mynguyen/Repos/algo-shadow/packages/client/src/pages/algorithm/analyze-graph/BarChart.jsx": {"path":"/Users/mynguyen/Repos/algo-shadow/packages/client/src/pages/algorithm/analyze-graph/BarChart.jsx","statementMap":{"0":{"start":{"line":5,"column":24},"end":{"line":62,"column":2}},"1":{"start":{"line":6,"column":17},"end":{"line":6,"column":null}},"2":{"start":{"line":7,"column":2},"end":{"line":55,"column":null}},"3":{"start":{"line":8,"column":16},"end":{"line":8,"column":null}},"4":{"start":{"line":10,"column":4},"end":{"line":10,"column":null}},"5":{"start":{"line":13,"column":19},"end":{"line":13,"column":null}},"6":{"start":{"line":14,"column":18},"end":{"line":14,"column":51}},"7":{"start":{"line":15,"column":19},"end":{"line":15,"column":51}},"8":{"start":{"line":18,"column":19},"end":{"line":22,"column":null}},"9":{"start":{"line":20,"column":33},"end":{"line":20,"column":null}},"10":{"start":{"line":24,"column":19},"end":{"line":27,"column":null}},"11":{"start":{"line":30,"column":18},"end":{"line":30,"column":null}},"12":{"start":{"line":31,"column":18},"end":{"line":31,"column":null}},"13":{"start":{"line":34,"column":18},"end":{"line":36,"column":null}},"14":{"start":{"line":39,"column":4},"end":{"line":39,"column":null}},"15":{"start":{"line":42,"column":4},"end":{"line":42,"column":null}},"16":{"start":{"line":45,"column":4},"end":{"line":54,"column":null}},"17":{"start":{"line":50,"column":27},"end":{"line":50,"column":null}},"18":{"start":{"line":51,"column":24},"end":{"line":51,"column":null}},"19":{"start":{"line":53,"column":29},"end":{"line":53,"column":null}}},"fnMap":{"0":{"name":"(anonymous_0)","decl":{"start":{"line":5,"column":24},"end":{"line":5,"column":25}},"loc":{"start":{"line":5,"column":33},"end":{"line":62,"column":2}}},"1":{"name":"(anonymous_1)","decl":{"start":{"line":7,"column":12},"end":{"line":7,"column":null}},"loc":{"start":{"line":7,"column":12},"end":{"line":55,"column":5}}},"2":{"name":"(anonymous_2)","decl":{"start":{"line":20,"column":23},"end":{"line":20,"column":24}},"loc":{"start":{"line":20,"column":33},"end":{"line":20,"column":null}}},"3":{"name":"(anonymous_3)","decl":{"start":{"line":50,"column":17},"end":{"line":50,"column":18}},"loc":{"start":{"line":50,"column":27},"end":{"line":50,"column":null}}},"4":{"name":"(anonymous_4)","decl":{"start":{"line":51,"column":17},"end":{"line":51,"column":18}},"loc":{"start":{"line":51,"column":24},"end":{"line":51,"column":null}}},"5":{"name":"(anonymous_5)","decl":{"start":{"line":53,"column":22},"end":{"line":53,"column":23}},"loc":{"start":{"line":53,"column":29},"end":{"line":53,"column":null}}}},"branchMap":{},"s":{"0":2,"1":2,"2":2,"3":2,"4":2,"5":2,"6":2,"7":2,"8":2,"9":1,"10":2,"11":2,"12":2,"13":2,"14":2,"15":2,"16":2,"17":1,"18":1,"19":1},"f":{"0":2,"1":2,"2":1,"3":1,"4":1,"5":1},"b":{}}
,"/Users/mynguyen/Repos/algo-shadow/packages/client/src/utils/algorithm-solver/bstSolver.js": {"path":"/Users/mynguyen/Repos/algo-shadow/packages/client/src/utils/algorithm-solver/bstSolver.js","statementMap":{"0":{"start":{"line":15,"column":4},"end":{"line":15,"column":21}},"1":{"start":{"line":16,"column":4},"end":{"line":16,"column":21}},"2":{"start":{"line":17,"column":4},"end":{"line":17,"column":22}},"3":{"start":{"line":18,"column":4},"end":{"line":18,"column":29}},"4":{"start":{"line":30,"column":4},"end":{"line":30,"column":21}},"5":{"start":{"line":41,"column":20},"end":{"line":41,"column":38}},"6":{"start":{"line":42,"column":23},"end":{"line":67,"column":5}},"7":{"start":{"line":43,"column":6},"end":{"line":66,"column":7}},"8":{"start":{"line":45,"column":8},"end":{"line":54,"column":9}},"9":{"start":{"line":46,"column":10},"end":{"line":46,"column":39}},"10":{"start":{"line":47,"column":10},"end":{"line":47,"column":52}},"11":{"start":{"line":48,"column":10},"end":{"line":48,"column":30}},"12":{"start":{"line":49,"column":10},"end":{"line":49,"column":32}},"13":{"start":{"line":50,"column":10},"end":{"line":50,"column":37}},"14":{"start":{"line":52,"column":10},"end":{"line":52,"column":46}},"15":{"start":{"line":53,"column":10},"end":{"line":53,"column":55}},"16":{"start":{"line":56,"column":8},"end":{"line":65,"column":9}},"17":{"start":{"line":57,"column":10},"end":{"line":57,"column":43}},"18":{"start":{"line":58,"column":10},"end":{"line":58,"column":52}},"19":{"start":{"line":59,"column":10},"end":{"line":59,"column":31}},"20":{"start":{"line":60,"column":10},"end":{"line":60,"column":32}},"21":{"start":{"line":61,"column":10},"end":{"line":61,"column":37}},"22":{"start":{"line":63,"column":10},"end":{"line":63,"column":46}},"23":{"start":{"line":64,"column":10},"end":{"line":64,"column":60}},"24":{"start":{"line":68,"column":4},"end":{"line":74,"column":5}},"25":{"start":{"line":69,"column":6},"end":{"line":69,"column":26}},"26":{"start":{"line":70,"column":6},"end":{"line":70,"column":24}},"27":{"start":{"line":71,"column":6},"end":{"line":71,"column":50}},"28":{"start":{"line":73,"column":6},"end":{"line":73,"column":40}},"29":{"start":{"line":84,"column":16},"end":{"line":84,"column":18}},"30":{"start":{"line":85,"column":21},"end":{"line":87,"column":5}},"31":{"start":{"line":86,"column":6},"end":{"line":86,"column":18}},"32":{"start":{"line":88,"column":24},"end":{"line":94,"column":5}},"33":{"start":{"line":89,"column":6},"end":{"line":93,"column":7}},"34":{"start":{"line":90,"column":8},"end":{"line":90,"column":41}},"35":{"start":{"line":91,"column":8},"end":{"line":91,"column":53}},"36":{"start":{"line":92,"column":8},"end":{"line":92,"column":42}},"37":{"start":{"line":95,"column":4},"end":{"line":95,"column":37}},"38":{"start":{"line":96,"column":4},"end":{"line":96,"column":17}},"39":{"start":{"line":106,"column":16},"end":{"line":106,"column":18}},"40":{"start":{"line":107,"column":21},"end":{"line":109,"column":5}},"41":{"start":{"line":108,"column":6},"end":{"line":108,"column":18}},"42":{"start":{"line":110,"column":24},"end":{"line":116,"column":5}},"43":{"start":{"line":111,"column":6},"end":{"line":115,"column":7}},"44":{"start":{"line":112,"column":8},"end":{"line":112,"column":53}},"45":{"start":{"line":113,"column":8},"end":{"line":113,"column":41}},"46":{"start":{"line":114,"column":8},"end":{"line":114,"column":42}},"47":{"start":{"line":117,"column":4},"end":{"line":117,"column":37}},"48":{"start":{"line":118,"column":4},"end":{"line":118,"column":17}},"49":{"start":{"line":128,"column":16},"end":{"line":128,"column":18}},"50":{"start":{"line":129,"column":21},"end":{"line":131,"column":5}},"51":{"start":{"line":130,"column":6},"end":{"line":130,"column":18}},"52":{"start":{"line":132,"column":24},"end":{"line":138,"column":5}},"53":{"start":{"line":133,"column":6},"end":{"line":137,"column":7}},"54":{"start":{"line":134,"column":8},"end":{"line":134,"column":41}},"55":{"start":{"line":135,"column":8},"end":{"line":135,"column":42}},"56":{"start":{"line":136,"column":8},"end":{"line":136,"column":53}},"57":{"start":{"line":139,"column":4},"end":{"line":139,"column":37}},"58":{"start":{"line":140,"column":4},"end":{"line":140,"column":17}},"59":{"start":{"line":149,"column":20},"end":{"line":151,"column":5}},"60":{"start":{"line":150,"column":6},"end":{"line":150,"column":67}},"61":{"start":{"line":152,"column":4},"end":{"line":152,"column":38}},"62":{"start":{"line":161,"column":20},"end":{"line":163,"column":5}},"63":{"start":{"line":162,"column":6},"end":{"line":162,"column":69}},"64":{"start":{"line":164,"column":4},"end":{"line":164,"column":38}},"65":{"start":{"line":176,"column":23},"end":{"line":187,"column":5}},"66":{"start":{"line":177,"column":6},"end":{"line":177,"column":38}},"67":{"start":{"line":177,"column":25},"end":{"line":177,"column":38}},"68":{"start":{"line":178,"column":6},"end":{"line":181,"column":7}},"69":{"start":{"line":179,"column":8},"end":{"line":179,"column":44}},"70":{"start":{"line":180,"column":8},"end":{"line":180,"column":20}},"71":{"start":{"line":182,"column":6},"end":{"line":182,"column":42}},"72":{"start":{"line":183,"column":6},"end":{"line":186,"column":8}},"73":{"start":{"line":188,"column":4},"end":{"line":188,"column":39}},"74":{"start":{"line":207,"column":21},"end":{"line":207,"column":25}},"75":{"start":{"line":208,"column":31},"end":{"line":208,"column":35}},"76":{"start":{"line":209,"column":4},"end":{"line":209,"column":35}},"77":{"start":{"line":210,"column":23},"end":{"line":255,"column":5}},"78":{"start":{"line":211,"column":6},"end":{"line":211,"column":37}},"79":{"start":{"line":211,"column":25},"end":{"line":211,"column":37}},"80":{"start":{"line":212,"column":6},"end":{"line":254,"column":7}},"81":{"start":{"line":215,"column":8},"end":{"line":215,"column":26}},"82":{"start":{"line":216,"column":8},"end":{"line":216,"column":44}},"83":{"start":{"line":217,"column":8},"end":{"line":220,"column":9}},"84":{"start":{"line":219,"column":10},"end":{"line":219,"column":22}},"85":{"start":{"line":221,"column":8},"end":{"line":225,"column":9}},"86":{"start":{"line":223,"column":10},"end":{"line":223,"column":44}},"87":{"start":{"line":224,"column":10},"end":{"line":224,"column":28}},"88":{"start":{"line":226,"column":8},"end":{"line":230,"column":9}},"89":{"start":{"line":228,"column":10},"end":{"line":228,"column":43}},"90":{"start":{"line":229,"column":10},"end":{"line":229,"column":27}},"91":{"start":{"line":231,"column":8},"end":{"line":243,"column":9}},"92":{"start":{"line":237,"column":22},"end":{"line":237,"column":42}},"93":{"start":{"line":238,"column":10},"end":{"line":238,"column":39}},"94":{"start":{"line":239,"column":10},"end":{"line":239,"column":53}},"95":{"start":{"line":240,"column":10},"end":{"line":240,"column":46}},"96":{"start":{"line":241,"column":10},"end":{"line":241,"column":53}},"97":{"start":{"line":242,"column":10},"end":{"line":242,"column":22}},"98":{"start":{"line":244,"column":13},"end":{"line":254,"column":7}},"99":{"start":{"line":246,"column":8},"end":{"line":246,"column":44}},"100":{"start":{"line":247,"column":8},"end":{"line":247,"column":49}},"101":{"start":{"line":248,"column":8},"end":{"line":248,"column":20}},"102":{"start":{"line":251,"column":8},"end":{"line":251,"column":44}},"103":{"start":{"line":252,"column":8},"end":{"line":252,"column":51}},"104":{"start":{"line":253,"column":8},"end":{"line":253,"column":20}},"105":{"start":{"line":256,"column":4},"end":{"line":256,"column":33}},"106":{"start":{"line":257,"column":4},"end":{"line":257,"column":59}},"107":{"start":{"line":258,"column":4},"end":{"line":258,"column":76}},"108":{"start":{"line":259,"column":4},"end":{"line":259,"column":32}},"109":{"start":{"line":275,"column":4},"end":{"line":282,"column":5}},"110":{"start":{"line":276,"column":6},"end":{"line":279,"column":7}},"111":{"start":{"line":277,"column":8},"end":{"line":278,"column":49}},"112":{"start":{"line":280,"column":6},"end":{"line":280,"column":76}},"113":{"start":{"line":281,"column":6},"end":{"line":281,"column":34}}},"fnMap":{"0":{"name":"(anonymous_0)","decl":{"start":{"line":14,"column":2},"end":{"line":14,"column":13}},"loc":{"start":{"line":14,"column":24},"end":{"line":19,"column":3}}},"1":{"name":"(anonymous_1)","decl":{"start":{"line":29,"column":2},"end":{"line":29,"column":13}},"loc":{"start":{"line":29,"column":16},"end":{"line":31,"column":3}}},"2":{"name":"(anonymous_2)","decl":{"start":{"line":40,"column":2},"end":{"line":40,"column":8}},"loc":{"start":{"line":40,"column":23},"end":{"line":75,"column":3}}},"3":{"name":"(anonymous_3)","decl":{"start":{"line":42,"column":23},"end":{"line":42,"column":24}},"loc":{"start":{"line":42,"column":52},"end":{"line":67,"column":5}}},"4":{"name":"(anonymous_4)","decl":{"start":{"line":83,"column":2},"end":{"line":83,"column":17}},"loc":{"start":{"line":83,"column":20},"end":{"line":97,"column":3}}},"5":{"name":"(anonymous_5)","decl":{"start":{"line":85,"column":21},"end":{"line":85,"column":22}},"loc":{"start":{"line":85,"column":31},"end":{"line":87,"column":5}}},"6":{"name":"(anonymous_6)","decl":{"start":{"line":88,"column":24},"end":{"line":88,"column":25}},"loc":{"start":{"line":88,"column":44},"end":{"line":94,"column":5}}},"7":{"name":"(anonymous_7)","decl":{"start":{"line":105,"column":2},"end":{"line":105,"column":18}},"loc":{"start":{"line":105,"column":21},"end":{"line":119,"column":3}}},"8":{"name":"(anonymous_8)","decl":{"start":{"line":107,"column":21},"end":{"line":107,"column":22}},"loc":{"start":{"line":107,"column":31},"end":{"line":109,"column":5}}},"9":{"name":"(anonymous_9)","decl":{"start":{"line":110,"column":24},"end":{"line":110,"column":25}},"loc":{"start":{"line":110,"column":44},"end":{"line":116,"column":5}}},"10":{"name":"(anonymous_10)","decl":{"start":{"line":127,"column":2},"end":{"line":127,"column":19}},"loc":{"start":{"line":127,"column":22},"end":{"line":141,"column":3}}},"11":{"name":"(anonymous_11)","decl":{"start":{"line":129,"column":21},"end":{"line":129,"column":22}},"loc":{"start":{"line":129,"column":31},"end":{"line":131,"column":5}}},"12":{"name":"(anonymous_12)","decl":{"start":{"line":132,"column":24},"end":{"line":132,"column":25}},"loc":{"start":{"line":132,"column":44},"end":{"line":138,"column":5}}},"13":{"name":"(anonymous_13)","decl":{"start":{"line":148,"column":2},"end":{"line":148,"column":5}},"loc":{"start":{"line":148,"column":12},"end":{"line":153,"column":3}}},"14":{"name":"(anonymous_14)","decl":{"start":{"line":149,"column":20},"end":{"line":149,"column":21}},"loc":{"start":{"line":149,"column":30},"end":{"line":151,"column":5}}},"15":{"name":"(anonymous_15)","decl":{"start":{"line":160,"column":2},"end":{"line":160,"column":5}},"loc":{"start":{"line":160,"column":12},"end":{"line":165,"column":3}}},"16":{"name":"(anonymous_16)","decl":{"start":{"line":161,"column":20},"end":{"line":161,"column":21}},"loc":{"start":{"line":161,"column":30},"end":{"line":163,"column":5}}},"17":{"name":"(anonymous_17)","decl":{"start":{"line":175,"column":2},"end":{"line":175,"column":8}},"loc":{"start":{"line":175,"column":23},"end":{"line":189,"column":3}}},"18":{"name":"(anonymous_18)","decl":{"start":{"line":176,"column":23},"end":{"line":176,"column":24}},"loc":{"start":{"line":176,"column":33},"end":{"line":187,"column":5}}},"19":{"name":"(anonymous_19)","decl":{"start":{"line":206,"column":2},"end":{"line":206,"column":8}},"loc":{"start":{"line":206,"column":45},"end":{"line":260,"column":3}}},"20":{"name":"(anonymous_20)","decl":{"start":{"line":210,"column":23},"end":{"line":210,"column":24}},"loc":{"start":{"line":210,"column":40},"end":{"line":255,"column":5}}},"21":{"name":"(anonymous_21)","decl":{"start":{"line":274,"column":2},"end":{"line":274,"column":34}},"loc":{"start":{"line":274,"column":69},"end":{"line":283,"column":3}}}},"branchMap":{"0":{"loc":{"start":{"line":43,"column":6},"end":{"line":66,"column":7}},"type":"if","locations":[{"start":{"line":43,"column":6},"end":{"line":66,"column":7}},{"start":{"line":55,"column":13},"end":{"line":66,"column":7}}]},"1":{"loc":{"start":{"line":45,"column":8},"end":{"line":54,"column":9}},"type":"if","locations":[{"start":{"line":45,"column":8},"end":{"line":54,"column":9}},{"start":{"line":51,"column":15},"end":{"line":54,"column":9}}]},"2":{"loc":{"start":{"line":56,"column":8},"end":{"line":65,"column":9}},"type":"if","locations":[{"start":{"line":56,"column":8},"end":{"line":65,"column":9}},{"start":{"line":62,"column":15},"end":{"line":65,"column":9}}]},"3":{"loc":{"start":{"line":68,"column":4},"end":{"line":74,"column":5}},"type":"if","locations":[{"start":{"line":68,"column":4},"end":{"line":74,"column":5}},{"start":{"line":72,"column":11},"end":{"line":74,"column":5}}]},"4":{"loc":{"start":{"line":89,"column":6},"end":{"line":93,"column":7}},"type":"if","locations":[{"start":{"line":89,"column":6},"end":{"line":93,"column":7}},{"start":{"line":89,"column":6},"end":{"line":93,"column":7}}]},"5":{"loc":{"start":{"line":111,"column":6},"end":{"line":115,"column":7}},"type":"if","locations":[{"start":{"line":111,"column":6},"end":{"line":115,"column":7}},{"start":{"line":111,"column":6},"end":{"line":115,"column":7}}]},"6":{"loc":{"start":{"line":133,"column":6},"end":{"line":137,"column":7}},"type":"if","locations":[{"start":{"line":133,"column":6},"end":{"line":137,"column":7}},{"start":{"line":133,"column":6},"end":{"line":137,"column":7}}]},"7":{"loc":{"start":{"line":150,"column":13},"end":{"line":150,"column":66}},"type":"cond-expr","locations":[{"start":{"line":150,"column":21},"end":{"line":150,"column":58}},{"start":{"line":150,"column":62},"end":{"line":150,"column":66}}]},"8":{"loc":{"start":{"line":150,"column":21},"end":{"line":150,"column":58}},"type":"cond-expr","locations":[{"start":{"line":150,"column":33},"end":{"line":150,"column":51}},{"start":{"line":150,"column":54},"end":{"line":150,"column":58}}]},"9":{"loc":{"start":{"line":152,"column":19},"end":{"line":152,"column":36}},"type":"binary-expr","locations":[{"start":{"line":152,"column":19},"end":{"line":152,"column":23}},{"start":{"line":152,"column":27},"end":{"line":152,"column":36}}]},"10":{"loc":{"start":{"line":162,"column":13},"end":{"line":162,"column":68}},"type":"cond-expr","locations":[{"start":{"line":162,"column":21},"end":{"line":162,"column":60}},{"start":{"line":162,"column":64},"end":{"line":162,"column":68}}]},"11":{"loc":{"start":{"line":162,"column":21},"end":{"line":162,"column":60}},"type":"cond-expr","locations":[{"start":{"line":162,"column":34},"end":{"line":162,"column":53}},{"start":{"line":162,"column":56},"end":{"line":162,"column":60}}]},"12":{"loc":{"start":{"line":164,"column":19},"end":{"line":164,"column":36}},"type":"binary-expr","locations":[{"start":{"line":164,"column":19},"end":{"line":164,"column":23}},{"start":{"line":164,"column":27},"end":{"line":164,"column":36}}]},"13":{"loc":{"start":{"line":177,"column":6},"end":{"line":177,"column":38}},"type":"if","locations":[{"start":{"line":177,"column":6},"end":{"line":177,"column":38}},{"start":{"line":177,"column":6},"end":{"line":177,"column":38}}]},"14":{"loc":{"start":{"line":178,"column":6},"end":{"line":181,"column":7}},"type":"if","locations":[{"start":{"line":178,"column":6},"end":{"line":181,"column":7}},{"start":{"line":178,"column":6},"end":{"line":181,"column":7}}]},"15":{"loc":{"start":{"line":184,"column":8},"end":{"line":184,"column":59}},"type":"cond-expr","locations":[{"start":{"line":184,"column":37},"end":{"line":184,"column":46}},{"start":{"line":184,"column":49},"end":{"line":184,"column":59}}]},"16":{"loc":{"start":{"line":211,"column":6},"end":{"line":211,"column":37}},"type":"if","locations":[{"start":{"line":211,"column":6},"end":{"line":211,"column":37}},{"start":{"line":211,"column":6},"end":{"line":211,"column":37}}]},"17":{"loc":{"start":{"line":212,"column":6},"end":{"line":254,"column":7}},"type":"if","locations":[{"start":{"line":212,"column":6},"end":{"line":254,"column":7}},{"start":{"line":244,"column":13},"end":{"line":254,"column":7}}]},"18":{"loc":{"start":{"line":217,"column":8},"end":{"line":220,"column":9}},"type":"if","locations":[{"start":{"line":217,"column":8},"end":{"line":220,"column":9}},{"start":{"line":217,"column":8},"end":{"line":220,"column":9}}]},"19":{"loc":{"start":{"line":217,"column":12},"end":{"line":217,"column":53}},"type":"binary-expr","locations":[{"start":{"line":217,"column":12},"end":{"line":217,"column":30}},{"start":{"line":217,"column":34},"end":{"line":217,"column":53}}]},"20":{"loc":{"start":{"line":221,"column":8},"end":{"line":225,"column":9}},"type":"if","locations":[{"start":{"line":221,"column":8},"end":{"line":225,"column":9}},{"start":{"line":221,"column":8},"end":{"line":225,"column":9}}]},"21":{"loc":{"start":{"line":226,"column":8},"end":{"line":230,"column":9}},"type":"if","locations":[{"start":{"line":226,"column":8},"end":{"line":230,"column":9}},{"start":{"line":226,"column":8},"end":{"line":230,"column":9}}]},"22":{"loc":{"start":{"line":231,"column":8},"end":{"line":243,"column":9}},"type":"if","locations":[{"start":{"line":231,"column":8},"end":{"line":243,"column":9}},{"start":{"line":231,"column":8},"end":{"line":243,"column":9}}]},"23":{"loc":{"start":{"line":231,"column":12},"end":{"line":231,"column":53}},"type":"binary-expr","locations":[{"start":{"line":231,"column":12},"end":{"line":231,"column":30}},{"start":{"line":231,"column":34},"end":{"line":231,"column":53}}]},"24":{"loc":{"start":{"line":244,"column":13},"end":{"line":254,"column":7}},"type":"if","locations":[{"start":{"line":244,"column":13},"end":{"line":254,"column":7}},{"start":{"line":249,"column":13},"end":{"line":254,"column":7}}]},"25":{"loc":{"start":{"line":275,"column":4},"end":{"line":282,"column":5}},"type":"if","locations":[{"start":{"line":275,"column":4},"end":{"line":282,"column":5}},{"start":{"line":275,"column":4},"end":{"line":282,"column":5}}]},"26":{"loc":{"start":{"line":276,"column":6},"end":{"line":279,"column":7}},"type":"if","locations":[{"start":{"line":276,"column":6},"end":{"line":279,"column":7}},{"start":{"line":276,"column":6},"end":{"line":279,"column":7}}]}},"s":{"0":45,"1":45,"2":45,"3":45,"4":11,"5":45,"6":45,"7":46,"8":12,"9":11,"10":11,"11":11,"12":11,"13":11,"14":1,"15":1,"16":34,"17":23,"18":23,"19":23,"20":23,"21":23,"22":11,"23":11,"24":45,"25":11,"26":11,"27":11,"28":34,"29":1,"30":1,"31":4,"32":1,"33":9,"34":4,"35":4,"36":4,"37":1,"38":1,"39":1,"40":1,"41":4,"42":1,"43":9,"44":4,"45":4,"46":4,"47":1,"48":1,"49":1,"50":1,"51":4,"52":1,"53":9,"54":4,"55":4,"56":4,"57":1,"58":1,"59":2,"60":3,"61":2,"62":1,"63":3,"64":1,"65":3,"66":8,"67":2,"68":6,"69":1,"70":1,"71":5,"72":5,"73":3,"74":3,"75":3,"76":3,"77":3,"78":7,"79":1,"80":6,"81":3,"82":3,"83":3,"84":1,"85":2,"86":1,"87":1,"88":1,"89":0,"90":0,"91":1,"92":1,"93":1,"94":1,"95":1,"96":1,"97":1,"98":3,"99":2,"100":2,"101":2,"102":1,"103":1,"104":1,"105":3,"106":3,"107":3,"108":3,"109":3,"110":2,"111":1,"112":2,"113":2},"f":{"0":45,"1":11,"2":45,"3":46,"4":1,"5":4,"6":9,"7":1,"8":4,"9":9,"10":1,"11":4,"12":9,"13":2,"14":3,"15":1,"16":3,"17":3,"18":8,"19":3,"20":7,"21":3},"b":{"0":[12,34],"1":[11,1],"2":[23,11],"3":[11,34],"4":[4,5],"5":[4,5],"6":[4,5],"7":[3,0],"8":[1,2],"9":[2,0],"10":[3,0],"11":[2,1],"12":[1,0],"13":[2,6],"14":[1,5],"15":[2,3],"16":[1,6],"17":[3,3],"18":[1,2],"19":[3,2],"20":[1,1],"21":[0,1],"22":[1,0],"23":[1,1],"24":[2,1],"25":[2,1],"26":[1,1]}}
,"/Users/mynguyen/Repos/algo-shadow/packages/client/src/utils/algorithm-solver/dijkstraSolver.js": {"path":"/Users/mynguyen/Repos/algo-shadow/packages/client/src/utils/algorithm-solver/dijkstraSolver.js","statementMap":{"0":{"start":{"line":6,"column":4},"end":{"line":6,"column":20}},"1":{"start":{"line":7,"column":4},"end":{"line":7,"column":27}},"2":{"start":{"line":8,"column":4},"end":{"line":8,"column":27}},"3":{"start":{"line":12,"column":4},"end":{"line":12,"column":21}},"4":{"start":{"line":16,"column":4},"end":{"line":16,"column":26}},"5":{"start":{"line":17,"column":4},"end":{"line":17,"column":29}},"6":{"start":{"line":21,"column":4},"end":{"line":26,"column":5}},"7":{"start":{"line":22,"column":6},"end":{"line":22,"column":66}},"8":{"start":{"line":23,"column":6},"end":{"line":23,"column":66}},"9":{"start":{"line":25,"column":6},"end":{"line":25,"column":66}},"10":{"start":{"line":55,"column":4},"end":{"line":55,"column":18}},"11":{"start":{"line":56,"column":21},"end":{"line":56,"column":34}},"12":{"start":{"line":59,"column":4},"end":{"line":61,"column":5}},"13":{"start":{"line":59,"column":17},"end":{"line":59,"column":18}},"14":{"start":{"line":60,"column":6},"end":{"line":60,"column":63}},"15":{"start":{"line":64,"column":4},"end":{"line":74,"column":5}},"16":{"start":{"line":64,"column":17},"end":{"line":64,"column":18}},"17":{"start":{"line":65,"column":6},"end":{"line":73,"column":7}},"18":{"start":{"line":65,"column":19},"end":{"line":65,"column":20}},"19":{"start":{"line":66,"column":8},"end":{"line":72,"column":9}},"20":{"start":{"line":67,"column":10},"end":{"line":71,"column":12}},"21":{"start":{"line":87,"column":4},"end":{"line":87,"column":18}},"22":{"start":{"line":89,"column":4},"end":{"line":97,"column":5}},"23":{"start":{"line":90,"column":6},"end":{"line":90,"column":24}},"24":{"start":{"line":91,"column":6},"end":{"line":93,"column":7}},"25":{"start":{"line":92,"column":8},"end":{"line":92,"column":33}},"26":{"start":{"line":94,"column":6},"end":{"line":96,"column":7}},"27":{"start":{"line":95,"column":8},"end":{"line":95,"column":33}},"28":{"start":{"line":99,"column":4},"end":{"line":101,"column":5}},"29":{"start":{"line":100,"column":6},"end":{"line":100,"column":56}},"30":{"start":{"line":122,"column":4},"end":{"line":122,"column":37}},"31":{"start":{"line":123,"column":22},"end":{"line":123,"column":31}},"32":{"start":{"line":124,"column":20},"end":{"line":124,"column":29}},"33":{"start":{"line":127,"column":4},"end":{"line":129,"column":5}},"34":{"start":{"line":128,"column":6},"end":{"line":128,"column":61}},"35":{"start":{"line":131,"column":4},"end":{"line":161,"column":5}},"36":{"start":{"line":134,"column":26},"end":{"line":134,"column":69}},"37":{"start":{"line":135,"column":6},"end":{"line":135,"column":31}},"38":{"start":{"line":136,"column":14},"end":{"line":136,"column":16}},"39":{"start":{"line":138,"column":6},"end":{"line":143,"column":9}},"40":{"start":{"line":139,"column":8},"end":{"line":142,"column":9}},"41":{"start":{"line":140,"column":10},"end":{"line":140,"column":19}},"42":{"start":{"line":141,"column":10},"end":{"line":141,"column":25}},"43":{"start":{"line":144,"column":6},"end":{"line":147,"column":7}},"44":{"start":{"line":145,"column":16},"end":{"line":145,"column":54}},"45":{"start":{"line":146,"column":8},"end":{"line":146,"column":51}},"46":{"start":{"line":148,"column":6},"end":{"line":148,"column":59}},"47":{"start":{"line":149,"column":6},"end":{"line":149,"column":49}},"48":{"start":{"line":150,"column":6},"end":{"line":150,"column":57}},"49":{"start":{"line":152,"column":6},"end":{"line":152,"column":29}},"50":{"start":{"line":154,"column":6},"end":{"line":160,"column":7}},"51":{"start":{"line":155,"column":30},"end":{"line":155,"column":74}},"52":{"start":{"line":157,"column":8},"end":{"line":159,"column":9}},"53":{"start":{"line":158,"column":10},"end":{"line":158,"column":54}},"54":{"start":{"line":162,"column":4},"end":{"line":162,"column":21}},"55":{"start":{"line":166,"column":16},"end":{"line":166,"column":55}},"56":{"start":{"line":167,"column":4},"end":{"line":175,"column":5}},"57":{"start":{"line":167,"column":17},"end":{"line":167,"column":18}},"58":{"start":{"line":168,"column":18},"end":{"line":168,"column":69}},"59":{"start":{"line":169,"column":6},"end":{"line":174,"column":7}},"60":{"start":{"line":173,"column":8},"end":{"line":173,"column":27}},"61":{"start":{"line":179,"column":22},"end":{"line":179,"column":30}},"62":{"start":{"line":180,"column":18},"end":{"line":180,"column":22}},"63":{"start":{"line":182,"column":4},"end":{"line":187,"column":5}},"64":{"start":{"line":183,"column":6},"end":{"line":186,"column":7}},"65":{"start":{"line":184,"column":8},"end":{"line":184,"column":31}},"66":{"start":{"line":185,"column":8},"end":{"line":185,"column":23}},"67":{"start":{"line":188,"column":4},"end":{"line":188,"column":19}},"68":{"start":{"line":201,"column":21},"end":{"line":201,"column":23}},"69":{"start":{"line":202,"column":23},"end":{"line":202,"column":32}},"70":{"start":{"line":203,"column":4},"end":{"line":231,"column":5}},"71":{"start":{"line":204,"column":6},"end":{"line":220,"column":7}},"72":{"start":{"line":205,"column":8},"end":{"line":219,"column":9}},"73":{"start":{"line":207,"column":27},"end":{"line":207,"
[...]
:79,"column":21},"end":{"line":79,"column":31}},"23":{"start":{"line":80,"column":18},"end":{"line":80,"column":43}},"24":{"start":{"line":81,"column":4},"end":{"line":81,"column":50}},"25":{"start":{"line":92,"column":4},"end":{"line":94,"column":5}},"26":{"start":{"line":93,"column":6},"end":{"line":93,"column":18}},"27":{"start":{"line":95,"column":4},"end":{"line":95,"column":60}},"28":{"start":{"line":106,"column":4},"end":{"line":106,"column":50}},"29":{"start":{"line":114,"column":4},"end":{"line":114,"column":28}},"30":{"start":{"line":131,"column":4},"end":{"line":131,"column":23}},"31":{"start":{"line":132,"column":4},"end":{"line":132,"column":31}},"32":{"start":{"line":133,"column":4},"end":{"line":133,"column":26}}},"fnMap":{"0":{"name":"(anonymous_0)","decl":{"start":{"line":5,"column":2},"end":{"line":5,"column":13}},"loc":{"start":{"line":5,"column":42},"end":{"line":10,"column":3}}},"1":{"name":"(anonymous_1)","decl":{"start":{"line":26,"column":2},"end":{"line":26,"column":15}},"loc":{"start":{"line":26,"column":22},"end":{"line":32,"column":3}}},"2":{"name":"(anonymous_2)","decl":{"start":{"line":41,"column":2},"end":{"line":41,"column":7}},"loc":{"start":{"line":41,"column":27},"end":{"line":49,"column":3}}},"3":{"name":"(anonymous_3)","decl":{"start":{"line":59,"column":2},"end":{"line":59,"column":7}},"loc":{"start":{"line":59,"column":24},"end":{"line":64,"column":3}}},"4":{"name":"(anonymous_4)","decl":{"start":{"line":73,"column":2},"end":{"line":73,"column":7}},"loc":{"start":{"line":73,"column":21},"end":{"line":82,"column":3}}},"5":{"name":"(anonymous_5)","decl":{"start":{"line":91,"column":2},"end":{"line":91,"column":7}},"loc":{"start":{"line":91,"column":18},"end":{"line":96,"column":3}}},"6":{"name":"(anonymous_6)","decl":{"start":{"line":105,"column":2},"end":{"line":105,"column":10}},"loc":{"start":{"line":105,"column":21},"end":{"line":107,"column":3}}},"7":{"name":"(anonymous_7)","decl":{"start":{"line":113,"column":2},"end":{"line":113,"column":6}},"loc":{"start":{"line":113,"column":13},"end":{"line":115,"column":3}}},"8":{"name":"(anonymous_8)","decl":{"start":{"line":130,"column":2},"end":{"line":130,"column":13}},"loc":{"start":{"line":130,"column":28},"end":{"line":134,"column":3}}}},"branchMap":{"0":{"loc":{"start":{"line":42,"column":4},"end":{"line":44,"column":5}},"type":"if","locations":[{"start":{"line":42,"column":4},"end":{"line":44,"column":5}},{"start":{"line":42,"column":4},"end":{"line":44,"column":5}}]},"1":{"loc":{"start":{"line":42,"column":8},"end":{"line":42,"column":61}},"type":"binary-expr","locations":[{"start":{"line":42,"column":8},"end":{"line":42,"column":23}},{"start":{"line":42,"column":27},"end":{"line":42,"column":61}}]},"2":{"loc":{"start":{"line":60,"column":4},"end":{"line":62,"column":5}},"type":"if","locations":[{"start":{"line":60,"column":4},"end":{"line":62,"column":5}},{"start":{"line":60,"column":4},"end":{"line":62,"column":5}}]},"3":{"loc":{"start":{"line":60,"column":8},"end":{"line":60,"column":61}},"type":"binary-expr","locations":[{"start":{"line":60,"column":8},"end":{"line":60,"column":23}},{"start":{"line":60,"column":27},"end":{"line":60,"column":61}}]},"4":{"loc":{"start":{"line":75,"column":4},"end":{"line":77,"column":5}},"type":"if","locations":[{"start":{"line":75,"column":4},"end":{"line":77,"column":5}},{"start":{"line":75,"column":4},"end":{"line":77,"column":5}}]},"5":{"loc":{"start":{"line":92,"column":4},"end":{"line":94,"column":5}},"type":"if","locations":[{"start":{"line":92,"column":4},"end":{"line":94,"column":5}},{"start":{"line":92,"column":4},"end":{"line":94,"column":5}}]}},"s":{"0":2,"1":2,"2":2,"3":2,"4":2,"5":2,"6":2,"7":20,"8":2,"9":30,"10":1,"11":29,"12":29,"13":29,"14":29,"15":30,"16":1,"17":29,"18":10,"19":10,"20":1,"21":9,"22":9,"23":9,"24":9,"25":10,"26":1,"27":9,"28":76,"29":0,"30":20,"31":20,"32":20},"f":{"0":2,"1":2,"2":30,"3":30,"4":10,"5":10,"6":76,"7":0,"8":20},"b":{"0":[1,29],"1":[30,10],"2":[1,29],"3":[30,10],"4":[1,9],"5":[1,9]}}
,"/Users/mynguyen/Repos/algo-shadow/packages/client/src/utils/renderer/common.js": {"path":"/Users/mynguyen/Repos/algo-shadow/packages/client/src/utils/renderer/common.js","statementMap":{"0":{"start":{"line":7,"column":15},"end":{"line":119,"column":1}},"1":{"start":{"line":19,"column":16},"end":{"line":19,"column":67}},"2":{"start":{"line":20,"column":4},"end":{"line":24,"column":5}},"3":{"start":{"line":21,"column":6},"end":{"line":23,"column":7}},"4":{"start":{"line":22,"column":8},"end":{"line":22,"column":66}},"5":{"start":{"line":25,"column":4},"end":{"line":25,"column":17}},"6":{"start":{"line":35,"column":16},"end":{"line":35,"column":43}},"7":{"start":{"line":36,"column":4},"end":{"line":40,"column":5}},"8":{"start":{"line":37,"column":6},"end":{"line":37,"column":22}},"9":{"start":{"line":39,"column":6},"end":{"line":39,"column":48}},"10":{"start":{"line":52,"column":4},"end":{"line":56,"column":5}},"11":{"start":{"line":52,"column":17},"end":{"line":52,"column":18}},"12":{"start":{"line":53,"column":6},"end":{"line":55,"column":7}},"13":{"start":{"line":54,"column":8},"end":{"line":54,"column":17}},"14":{"start":{"line":57,"column":4},"end":{"line":57,"column":47}},"15":{"start":{"line":74,"column":4},"end":{"line":85,"column":5}},"16":{"start":{"line":75,"column":6},"end":{"line":75,"column":33}},"17":{"start":{"line":77,"column":6},"end":{"line":83,"column":7}},"18":{"start":{"line":78,"column":8},"end":{"line":78,"column":80}},"19":{"start":{"line":80,"column":22},"end":{"line":80,"column":68}},"20":{"start":{"line":81,"column":22},"end":{"line":81,"column":68}},"21":{"start":{"line":82,"column":8},"end":{"line":82,"column":56}},"22":{"start":{"line":84,"column":6},"end":{"line":84,"column":13}},"23":{"start":{"line":86,"column":4},"end":{"line":86,"column":16}},"24":{"start":{"line":101,"column":4},"end":{"line":116,"column":5}},"25":{"start":{"line":102,"column":6},"end":{"line":102,"column":39}},"26":{"start":{"line":104,"column":6},"end":{"line":104,"column":13}},"27":{"start":{"line":105,"column":6},"end":{"line":115,"column":7}},"28":{"start":{"line":106,"column":8},"end":{"line":106,"column":54}},"29":{"start":{"line":108,"column":8},"end":{"line":114,"column":9}},"30":{"start":{"line":109,"column":10},"end":{"line":109,"column":80}},"31":{"start":{"line":111,"column":24},"end":{"line":111,"column":70}},"32":{"start":{"line":112,"column":24},"end":{"line":112,"column":70}},"33":{"start":{"line":113,"column":10},"end":{"line":113,"column":58}},"34":{"start":{"line":117,"column":4},"end":{"line":117,"column":16}}},"fnMap":{"0":{"name":"(anonymous_0)","decl":{"start":{"line":18,"column":2},"end":{"line":18,"column":11}},"loc":{"start":{"line":18,"column":23},"end":{"line":26,"column":3}}},"1":{"name":"(anonymous_1)","decl":{"start":{"line":34,"column":2},"end":{"line":34,"column":14}},"loc":{"start":{"line":34,"column":26},"end":{"line":41,"column":3}}},"2":{"name":"(anonymous_2)","decl":{"start":{"line":51,"column":2},"end":{"line":51,"column":13}},"loc":{"start":{"line":51,"column":30},"end":{"line":58,"column":3}}},"3":{"name":"(anonymous_3)","decl":{"start":{"line":73,"column":2},"end":{"line":73,"column":6}},"loc":{"start":{"line":73,"column":21},"end":{"line":87,"column":3}}},"4":{"name":"(anonymous_4)","decl":{"start":{"line":100,"column":2},"end":{"line":100,"column":6}},"loc":{"start":{"line":100,"column":36},"end":{"line":118,"column":3}}}},"branchMap":{"0":{"loc":{"start":{"line":21,"column":6},"end":{"line":23,"column":7}},"type":"if","locations":[{"start":{"line":21,"column":6},"end":{"line":23,"column":7}},{"start":{"line":21,"column":6},"end":{"line":23,"column":7}}]},"1":{"loc":{"start":{"line":36,"column":4},"end":{"line":40,"column":5}},"type":"if","locations":[{"start":{"line":36,"column":4},"end":{"line":40,"column":5}},{"start":{"line":38,"column":11},"end":{"line":40,"column":5}}]},"2":{"loc":{"start":{"line":53,"column":6},"end":{"line":55,"column":7}},"type":"if","locations":[{"start":{"line":53,"column":6},"end":{"line":55,"column":7}},{"start":{"line":53,"column":6},"end":{"line":55,"column":7}}]},"3":{"loc":{"start":{"line":74,"column":4},"end":{"line":85,"column":5}},"type":"if","locations":[{"start":{"line":74,"column":4},"end":{"line":85,"column":5}},{"start":{"line":76,"column":11},"end":{"line":85,"column":5}}]},"4":{"loc":{"start":{"line":77,"column":6},"end":{"line":83,"column":7}},"type":"if","locations":[{"start":{"line":77,"column":6},"end":{"line":83,"column":7}},{"start":{"line":79,"column":13},"end":{"line":83,"column":7}}]},"5":{"loc":{"start":{"line":101,"column":4},"end":{"line":116,"column":5}},"type":"if","locations":[{"start":{"line":101,"column":4},"end":{"line":116,"column":5}},{"start":{"line":103,"column":11},"end":{"line":116,"column":5}}]},"6":{"loc":{"start":{"line":105,"column":6},"end":{"line":115,"column":7}},"type":"if","locations":[{"start":{"line":105,"column":6},"end":{"line":115,"column":7}},{"start":{"line":107,"column":13},"end":{"line":115,"column":7}}]},"7":{"loc":{"start":{"line":108,"column":8},"end":{"line":114,"column":9}},"type":"if","locations":[{"start":{"line":108,"column":8},"end":{"line":114,"column":9}},{"start":{"line":110,"column":15},"end":{"line":114,"column":9}}]}},"s":{"0":2,"1":0,"2":0,"3":0,"4":0,"5":0,"6":0,"7":0,"8":0,"9":0,"10":0,"11":0,"12":0,"13":0,"14":0,"15":0,"16":0,"17":0,"18":0,"19":0,"20":0,"21":0,"22":0,"23":0,"24":0,"25":0,"26":0,"27":0,"28":0,"29":0,"30":0,"31":0,"32":0,"33":0,"34":0},"f":{"0":0,"1":0,"2":0,"3":0,"4":0},"b":{"0":[0,0],"1":[0,0],"2":[0,0],"3":[0,0],"4":[0,0],"5":[0,0],"6":[0,0],"7":[0,0]}}
,"/Users/mynguyen/Repos/algo-shadow/packages/client/src/utils/renderer/treeRenderer.js": {"path":"/Users/mynguyen/Repos/algo-shadow/packages/client/src/utils/renderer/treeRenderer.js","statementMap":{"0":{"start":{"line":12,"column":28},"end":{"line":15,"column":5}},"1":{"start":{"line":16,"column":4},"end":{"line":16,"column":66}},"2":{"start":{"line":17,"column":4},"end":{"line":17,"column":45}},"3":{"start":{"line":18,"column":4},"end":{"line":18,"column":43}},"4":{"start":{"line":19,"column":4},"end":{"line":19,"column":48}},"5":{"start":{"line":20,"column":4},"end":{"line":20,"column":46}},"6":{"start":{"line":21,"column":4},"end":{"line":21,"column":51}},"7":{"start":{"line":22,"column":4},"end":{"line":22,"column":36}},"8":{"start":{"line":23,"column":4},"end":{"line":23,"column":35}},"9":{"start":{"line":26,"column":28},"end":{"line":29,"column":5}},"10":{"start":{"line":30,"column":4},"end":{"line":30,"column":66}},"11":{"start":{"line":31,"column":4},"end":{"line":31,"column":45}},"12":{"start":{"line":32,"column":4},"end":{"line":32,"column":43}},"13":{"start":{"line":33,"column":4},"end":{"line":33,"column":48}},"14":{"start":{"line":34,"column":4},"end":{"line":34,"column":46}},"15":{"start":{"line":35,"column":4},"end":{"line":35,"column":51}},"16":{"start":{"line":36,"column":4},"end":{"line":36,"column":36}},"17":{"start":{"line":37,"column":4},"end":{"line":37,"column":35}},"18":{"start":{"line":47,"column":13},"end":{"line":47,"column":59}},"19":{"start":{"line":48,"column":13},"end":{"line":48,"column":59}},"20":{"start":{"line":49,"column":13},"end":{"line":49,"column":59}},"21":{"start":{"line":50,"column":13},"end":{"line":50,"column":59}},"22":{"start":{"line":51,"column":27},"end":{"line":51,"column":76}},"23":{"start":{"line":52,"column":27},"end":{"line":52,"column":76}},"24":{"start":{"line":54,"column":4},"end":{"line":62,"column":6}},"25":{"start":{"line":63,"column":4},"end":{"line":71,"column":6}},"26":{"start":{"line":73,"column":4},"end":{"line":73,"column":30}},"27":{"start":{"line":74,"column":4},"end":{"line":74,"column":30}},"28":{"start":{"line":75,"column":4},"end":{"line":75,"column":30}},"29":{"start":{"line":76,"column":4},"end":{"line":76,"column":30}},"30":{"start":{"line":85,"column":4},"end":{"line":85,"column":60}},"31":{"start":{"line":86,"column":4},"end":{"line":86,"column":63}},"32":{"start":{"line":87,"column":4},"end":{"line":87,"column":63}},"33":{"start":{"line":96,"column":4},"end":{"line":96,"column":61}},"34":{"start":{"line":97,"column":4},"end":{"line":97,"column":64}},"35":{"start":{"line":98,"column":4},"end":{"line":98,"column":64}},"36":{"start":{"line":109,"column":26},"end":{"line":112,"column":5}},"37":{"start":{"line":113,"column":4},"end":{"line":113,"column":59}},"38":{"start":{"line":114,"column":4},"end":{"line":114,"column":48}},"39":{"start":{"line":115,"column":4},"end":{"line":115,"column":44}},"40":{"start":{"line":116,"column":4},"end":{"line":116,"column":49}},"41":{"start":{"line":118,"column":4},"end":{"line":118,"column":38}},"42":{"start":{"line":119,"column":4},"end":{"line":119,"column":33}},"43":{"start":{"line":132,"column":18},"end":{"line":132,"column":44}},"44":{"start":{"line":133,"column":16},"end":{"line":133,"column":41}},"45":{"start":{"line":134,"column":4},"end":{"line":134,"column":32}},"46":{"start":{"line":135,"column":15},"end":{"line":135,"column":17}},"47":{"start":{"line":136,"column":14},"end":{"line":148,"column":52}},"48":{"start":{"line":144,"column":25},"end":{"line":144,"column":41}},"49":{"start":{"line":145,"column":25},"end":{"line":145,"column":62}},"50":{"start":{"line":146,"column":25},"end":{"line":146,"column":59}},"51":{"start":{"line":147,"column":25},"end":{"line":147,"column":54}},"52":{"start":{"line":148,"column":25},"end":{"line":148,"column":51}},"53":{"start":{"line":150,"column":14},"end":{"line":162,"column":20}},"54":{"start":{"line":159,"column":25},"end":{"line":159,"column":41}},"55":{"start":{"line":160,"column":25},"end":{"line":160,"column":54}},"56":{"start":{"line":161,"column":25},"end":{"line":161,"column":51}},"57":{"start":{"line":164,"column":14},"end":{"line":176,"column":27}},"58":{"start":{"line":173,"column":25},"end":{"line":173,"column":41}},"59":{"start":{"line":174,"column":25},"end":{"line":174,"column":54}},"60":{"start":{"line":175,"column":25},"end":{"line":175,"column":55}},"61":{"start":{"line":176,"column":19},"end":{"line":176,"column":26}},"62":{"start":{"line":184,"column":4},"end":{"line":184,"column":73}},"63":{"start":{"line":185,"column":4},"end":{"line":187,"column":5}},"64":{"start":{"line":186,"column":6},"end":{"line":186,"column":75}}},"fnMap":{"0":{"name":"(anonymous_0)","decl":{"start":{"line":10,"column":2},"end":{"line":10,"column":8}},"loc":{"start":{"line":10,"column":69},"end":{"line":38,"column":3}}},"1":{"name":"(anonymous_1)","decl":{"start":{"line":46,"column":2},"end":{"line":46,"column":8}},"loc":{"start":{"line":46,"column":33},"end":{"line":77,"column":3}}},"2":{"name":"(anonymous_2)","decl":{"start":{"line":84,"column":2},"end":{"line":84,"column":8}},"loc":{"start":{"line":84,"column":32},"end":{"line":88,"column":3}}},"3":{"name":"(anonymous_3)","decl":{"start":{"line":95,"column":2},"end":{"line":95,"column":8}},"loc":{"start":{"line":95,"column":30},"end":{"line":99,"column":3}}},"4":{"name":"(anonymous_4)","decl":{"start":{"line":107,"column":2},"end":{"line":107,"column":8}},"loc":{"start":{"line":107,"column":47},"end":{"line":120,"column":3}}},"5":{"name":"(anonymous_5)","decl":{"start":{"line":131,"column":2},"end":{"line":131,"column":8}},"loc":{"start":{"line":131,"column":44},"end":{"line":177,"column":3}}},"6":{"name":"(anonymous_6)","decl":{"start":{"line":144,"column":18},"end":{"line":144,"column":19}},"loc":{"start":{"line":144,"column":25},"end":{"line":144,"column":41}}},"7":{"name":"(anonymous_7)","decl":{"start":{"line":145,"column":18},"end":{"line":145,"column":19}},"loc":{"start":{"line":145,"column":25},"end":{"line":145,"column":62}}},"8":{"name":"(anonymous_8)","decl":{"start":{"line":146,"column":18},"end":{"line":146,"column":19}},"loc":{"start":{"line":146,"column":25},"end":{"line":146,"column":59}}},"9":{"name":"(anonymous_9)","decl":{"start":{"line":147,"column":18},"end":{"line":147,"column":19}},"loc":{"start":{"line":147,"column":25},"end":{"line":147,"column":54}}},"10":{"name":"(anonymous_10)","decl":{"start":{"line":148,"column":18},"end":{"line":148,"column":19}},"loc":{"start":{"line":148,"column":25},"end":{"line":148,"column":51}}},"11":{"name":"(anonymous_11)","decl":{"start":{"line":159,"column":18},"end":{"line":159,"column":19}},"loc":{"start":{"line":159,"column":25},"end":{"line":159,"column":41}}},"12":{"name":"(anonymous_12)","decl":{"start":{"line":160,"column":18},"end":{"line":160,"column":19}},"loc":{"start":{"line":160,"column":25},"end":{"line":160,"column":54}}},"13":{"name":"(anonymous_13)","decl":{"start":{"line":161,"column":18},"end":{"line":161,"column":19}},"loc":{"start":{"line":161,"column":25},"end":{"line":161,"column":51}}},"14":{"name":"(anonymous_14)","decl":{"start":{"line":173,"column":18},"end":{"line":173,"column":19}},"loc":{"start":{"line":173,"column":25},"end":{"line":173,"column":41}}},"15":{"name":"(anonymous_15)","decl":{"start":{"line":174,"column":18},"end":{"line":174,"column":19}},"loc":{"start":{"line":174,"column":25},"end":{"line":174,"column":54}}},"16":{"name":"(anonymous_16)","decl":{"start":{"line":175,"column":18},"end":{"line":175,"column":19}},"loc":{"start":{"line":175,"column":25},"end":{"line":175,"column":55}}},"17":{"name":"(anonymous_17)","decl":{"start":{"line":176,"column":12},"end":{"line":176,"column":13}},"loc":{"start":{"line":176,"column":19},"end":{"line":176,"column":26}}},"18":{"name":"(anonymous_18)","decl":{"start":{"line":183,"column":2},"end":{"line":183,"column":8}},"loc":{"start":{"line":183,"column":30},"end":{"line":188,"column":3}}}},"branchMap":{"0":{"loc":{"start":{"line":47,"column":13},"end":{"line":47,"column":59}},"type":"binary-expr","locations":[{"start":{"line":47,"column":13},"end":{"line":47,"column":34}},{"start":{"line":47,"column":38},"end":{"line":47,"column":59}}]},"1":{"loc":{"start":{"line":48,"column":13},"end":{"line":48,"column":59}},"type":"binary-expr","locations":[{"start":{"line":48,"column":13},"end":{"line":48,"column":34}},{"start":{"line":48,"column":38},"end":{"line":48,"column":59}}]},"2":{"loc":{"start":{"line":49,"column":13},"end":{"line":49,"column":59}},"type":"binary-expr","locations":[{"start":{"line":49,"column":13},"end":{"line":49,"column":34}},{"start":{"line":49,"column":38},"end":{"line":49,"column":59}}]},"3":{"loc":{"start":{"line":50,"column":13},"end":{"line":50,"column":59}},"type":"binary-expr","locations":[{"start":{"line":50,"column":13},"end":{"line":50,"column":34}},{"start":{"line":50,"column":38},"end":{"line":50,"column":59}}]},"4":{"loc":{"start":{"line":51,"column":27},"end":{"line":51,"column":76}},"type":"cond-expr","locations":[{"start":{"line":51,"column":65},"end":{"line":51,"column":69}},{"start":{"line":51,"column":72},"end":{"line":51,"column":76}}]},"5":{"loc":{"start":{"line":52,"column":27},"end":{"line":52,"column":76}},"type":"cond-expr","locations":[{"start":{"line":52,"column":65},"end":{"line":52,"column":69}},{"start":{"line":52,"column":72},"end":{"line":52,"column":76}}]},"6":{"loc":{"start":{"line":185,"column":4},"end":{"line":187,"column":5}},"type":"if","locations":[{"start":{"line":185,"column":4},"end":{"line":187,"column":5}},{"start":{"line":185,"column":4},"end":{"line":187,"column":5}}]}},"s":{"0":0,"1":0,"2":0,"3":0,"4":0,"5":0,"6":0,"7":0,"8":0,"9":0,"10":0,"11":0,"12":0,"13":0,"14":0,"15":0,"16":0,"17":0,"18":0,"19":0,"20":0,"21":0,"22":0,"23":0,"24":0,"25":0,"26":0,"27":0,"28":0,"29":0,"30":0,"31":0,"32":0,"33":0,"34":0,"35":0,"36":0,"37":0,"38":0,"39":0,"40":0,"41":0,"42":0,"43":1,"44":1,"45":1,"46":1,"47":1,"48":10,"49":10,"50":10,"51":10,"52":10,"53":1,"54":10,"55":10,"56":10,"57":1,"58":10,"59":10,"60":10,"61":10,"62":0,"63":0,"64":0},"f":{"0":0,"1":0,"2":0,"3":0,"4":0,"5":1,"6":10,"7":10,"8":10,"9":10,"10":10,"11":10,"12":10,"13":10,"14":10,"15":10,"16":10,"17":10,"18":0},"b":{"0":[0,0],"1":[0,0],"2":[0,0],"3":[0,0],"4":[0,0],"5":[0,0],"6":[0,0]}}
}
