{"/Users/mynguyen/Repos/algo-shadow/packages/client/src/algorithm-solver/dijkstrasolver.js": {"path":"/Users/mynguyen/Repos/algo-shadow/packages/client/src/algorithm-solver/dijkstrasolver.js","statementMap":{"0":{"start":{"line":7,"column":4},"end":{"line":7,"column":20}},"1":{"start":{"line":8,"column":4},"end":{"line":8,"column":27}},"2":{"start":{"line":9,"column":4},"end":{"line":9,"column":27}},"3":{"start":{"line":13,"column":4},"end":{"line":13,"column":21}},"4":{"start":{"line":17,"column":4},"end":{"line":17,"column":26}},"5":{"start":{"line":18,"column":4},"end":{"line":18,"column":29}},"6":{"start":{"line":22,"column":4},"end":{"line":27,"column":5}},"7":{"start":{"line":23,"column":6},"end":{"line":23,"column":66}},"8":{"start":{"line":24,"column":6},"end":{"line":24,"column":66}},"9":{"start":{"line":26,"column":6},"end":{"line":26,"column":66}},"10":{"start":{"line":31,"column":4},"end":{"line":31,"column":18}},"11":{"start":{"line":32,"column":21},"end":{"line":32,"column":34}},"12":{"start":{"line":35,"column":4},"end":{"line":37,"column":5}},"13":{"start":{"line":35,"column":17},"end":{"line":35,"column":18}},"14":{"start":{"line":36,"column":6},"end":{"line":36,"column":63}},"15":{"start":{"line":40,"column":4},"end":{"line":50,"column":5}},"16":{"start":{"line":40,"column":17},"end":{"line":40,"column":18}},"17":{"start":{"line":41,"column":6},"end":{"line":49,"column":7}},"18":{"start":{"line":41,"column":19},"end":{"line":41,"column":20}},"19":{"start":{"line":42,"column":8},"end":{"line":48,"column":9}},"20":{"start":{"line":43,"column":10},"end":{"line":47,"column":12}},"21":{"start":{"line":54,"column":4},"end":{"line":54,"column":18}},"22":{"start":{"line":56,"column":4},"end":{"line":64,"column":5}},"23":{"start":{"line":57,"column":6},"end":{"line":57,"column":24}},"24":{"start":{"line":58,"column":6},"end":{"line":60,"column":7}},"25":{"start":{"line":59,"column":8},"end":{"line":59,"column":33}},"26":{"start":{"line":61,"column":6},"end":{"line":63,"column":7}},"27":{"start":{"line":62,"column":8},"end":{"line":62,"column":33}},"28":{"start":{"line":66,"column":4},"end":{"line":68,"column":5}},"29":{"start":{"line":67,"column":6},"end":{"line":67,"column":56}},"30":{"start":{"line":73,"column":4},"end":{"line":73,"column":36}},"31":{"start":{"line":74,"column":22},"end":{"line":74,"column":31}},"32":{"start":{"line":75,"column":20},"end":{"line":75,"column":29}},"33":{"start":{"line":78,"column":4},"end":{"line":80,"column":5}},"34":{"start":{"line":79,"column":6},"end":{"line":79,"column":61}},"35":{"start":{"line":82,"column":4},"end":{"line":112,"column":5}},"36":{"start":{"line":85,"column":26},"end":{"line":85,"column":69}},"37":{"start":{"line":86,"column":6},"end":{"line":86,"column":31}},"38":{"start":{"line":87,"column":14},"end":{"line":87,"column":16}},"39":{"start":{"line":89,"column":6},"end":{"line":94,"column":9}},"40":{"start":{"line":90,"column":8},"end":{"line":93,"column":9}},"41":{"start":{"line":91,"column":10},"end":{"line":91,"column":18}},"42":{"start":{"line":92,"column":10},"end":{"line":92,"column":25}},"43":{"start":{"line":95,"column":6},"end":{"line":98,"column":7}},"44":{"start":{"line":96,"column":16},"end":{"line":96,"column":53}},"45":{"start":{"line":97,"column":8},"end":{"line":97,"column":51}},"46":{"start":{"line":99,"column":6},"end":{"line":99,"column":59}},"47":{"start":{"line":100,"column":6},"end":{"line":100,"column":49}},"48":{"start":{"line":101,"column":6},"end":{"line":101,"column":57}},"49":{"start":{"line":103,"column":6},"end":{"line":103,"column":28}},"50":{"start":{"line":105,"column":6},"end":{"line":111,"column":7}},"51":{"start":{"line":106,"column":30},"end":{"line":106,"column":74}},"52":{"start":{"line":108,"column":8},"end":{"line":110,"column":9}},"53":{"start":{"line":109,"column":10},"end":{"line":109,"column":54}},"54":{"start":{"line":113,"column":4},"end":{"line":113,"column":40}},"55":{"start":{"line":114,"column":4},"end":{"line":114,"column":21}},"56":{"start":{"line":118,"column":16},"end":{"line":118,"column":55}},"57":{"start":{"line":119,"column":4},"end":{"line":126,"column":5}},"58":{"start":{"line":119,"column":16},"end":{"line":119,"column":17}},"59":{"start":{"line":120,"column":18},"end":{"line":120,"column":69}},"60":{"start":{"line":123,"column":6},"end":{"line":125,"column":7}},"61":{"start":{"line":124,"column":8},"end":{"line":124,"column":26}},"62":{"start":{"line":130,"column":22},"end":{"line":130,"column":30}},"63":{"start":{"line":131,"column":18},"end":{"line":131,"column":22}},"64":{"start":{"line":133,"column":4},"end":{"line":140,"column":5}},"65":{"start":{"line":136,"column":6},"end":{"line":139,"column":7}},"66":{"start":{"line":137,"column":8},"end":{"line":137,"column":31}},"67":{"start":{"line":138,"column":8},"end":{"line":138,"column":23}},"68":{"start":{"line":142,"column":4},"end":{"line":142,"column":19}},"69":{"start":{"line":146,"column":21},"end":{"line":146,"column":23}},"70":{"start":{"line":147,"column":23},"end":{"line":147,"column":32}},"71":{"start":{"line":148,"column":4},"end":{"line":176,"column":5}},"72":{"start":{"line":149,"column":6},"end":{"line":165,"column":7}},"73":{"start":{"line":150,"column":8},"end":{"line":164,"column":9}},"74":{"start":{"line":152,"column":27},"end":{"line":152,"column":53}},"75":{"start":{"line":153,"column":27},"end":{"line":153,"column":53}},"76":{"start":{"line":155,"column":10},"end":{"line":163,"column":11}},"77":{"start":{"line":156,"column":12},"end":{"line":160,"column":15}},"78":{"start":{"line":161,"column":12},"end":{"line":161,"column":37}},"79":{"start":{"line":162,"column":12},"end":{"line":162,"column":37}},"80":{"start":{"line":167,"column":6},"end":{"line":175,"column":7}},"81":{"start":{"line":168,"column":8},"end":{"line":174,"column":9}},"82":{"start":{"line":169,"column":10},"end":{"line":173,"column":13}},"83":{"start":{"line":177,"column":4},"end":{"line":177,"column":20}},"84":{"start":{"line":182,"column":15},"end":{"line":182,"column":24}},"85":{"start":{"line":183,"column":16},"end":{"line":183,"column":23}},"86":{"start":{"line":185,"column":2},"end":{"line":188,"column":3}},"87":{"start":{"line":186,"column":4},"end":{"line":186,"column":35}},"88":{"start":{"line":187,"column":4},"end":{"line":187,"column":31}},"89":{"start":{"line":190,"column":2},"end":{"line":190,"column":14}}},"fnMap":{"0":{"name":"(anonymous_0)","decl":{"start":{"line":6,"column":2},"end":{"line":6,"column":13}},"loc":{"start":{"line":6,"column":16},"end":{"line":10,"column":3}}},"1":{"name":"(anonymous_1)","decl":{"start":{"line":12,"column":2},"end":{"line":12,"column":9}},"loc":{"start":{"line":12,"column":16},"end":{"line":14,"column":3}}},"2":{"name":"(anonymous_2)","decl":{"start":{"line":16,"column":2},"end":{"line":16,"column":9}},"loc":{"start":{"line":16,"column":16},"end":{"line":19,"column":3}}},"3":{"name":"(anonymous_3)","decl":{"start":{"line":21,"column":2},"end":{"line":21,"column":9}},"loc":{"start":{"line":21,"column":32},"end":{"line":28,"column":3}}},"4":{"name":"(anonymous_4)","decl":{"start":{"line":30,"column":2},"end":{"line":30,"column":21}},"loc":{"start":{"line":30,"column":33},"end":{"line":51,"column":3}}},"5":{"name":"(anonymous_5)","decl":{"start":{"line":53,"column":2},"end":{"line":53,"column":14}},"loc":{"start":{"line":53,"column":28},"end":{"line":69,"column":3}}},"6":{"name":"(anonymous_6)","decl":{"start":{"line":71,"column":2},"end":{"line":71,"column":5}},"loc":{"start":{"line":71,"column":25},"end":{"line":115,"column":3}}},"7":{"name":"(anonymous_7)","decl":{"start":{"line":89,"column":42},"end":{"line":89,"column":43}},"loc":{"start":{"line":89,"column":49},"end":{"line":94,"column":7}}},"8":{"name":"(anonymous_8)","decl":{"start":{"line":117,"column":2},"end":{"line":117,"column":12}},"loc":{"start":{"line":117,"column":34},"end":{"line":127,"column":3}}},"9":{"name":"(anonymous_9)","decl":{"start":{"line":129,"column":2},"end":{"line":129,"column":20}},"loc":{"start":{"line":129,"column":41},"end":{"line":143,"column":3}}},"10":{"name":"(anonymous_10)","decl":{"start":{"line":145,"column":2},"end":{"line":145,"column":13}},"loc":{"start":{"line":145,"column":16},"end":{"line":178,"column":3}}},"11":{"name":"buildPath","decl":{"start":{"line":181,"column":9},"end":{"line":181,"column":18}},"loc":{"start":{"line":181,"column":37},"end":{"line":191,"column":1}}}},"branchMap":{"0":{"loc":{"start":{"line":22,"column":4},"end":{"line":27,"column":5}},"type":"if","locations":[{"start":{"line":22,"column":4},"end":{"line":27,"column":5}},{"start":{"line":25,"column":11},"end":{"line":27,"column":5}}]},"1":{"loc":{"start":{"line":42,"column":8},"end":{"line":48,"column":9}},"type":"if","locations":[{"start":{"line":42,"column":8},"end":{"line":48,"column":9}},{"start":{"line":42,"column":8},"end":{"line":48,"column":9}}]},"2":{"loc":{"start":{"line":58,"column":6},"end":{"line":60,"column":7}},"type":"if","locations":[{"start":{"line":58,"column":6},"end":{"line":60,"column":7}},{"start":{"line":58,"column":6},"end":{"line":60,"column":7}}]},"3":{"loc":{"start":{"line":61,"column":6},"end":{"line":63,"column":7}},"type":"if","locations":[{"start":{"line":61,"column":6},"end":{"line":63,"column":7}},{"start":{"line":61,"column":6},"end":{"line":63,"column":7}}]},"4":{"loc":{"start":{"line":79,"column":26},"end":{"line":79,"column":59}},"type":"cond-expr","locations":[{"start":{"line":79,"column":47},"end":{"line":79,"column":48}},{"start":{"line":79,"column":51},"end":{"line":79,"column":59}}]},"5":{"loc":{"start":{"line":90,"column":8},"end":{"line":93,"column":9}},"type":"if","locations":[{"start":{"line":90,"column":8},"end":{"line":93,"column":9}},{"start":{"line":90,"column":8},"end":{"line":93,"column":9}}]},"6":{"loc":{"start":{"line":95,"column":6},"end":{"line":98,"column":7}},"type":"if","locations":[{"start":{"line":95,"column":6},"end":{"line":98,"column":7}},{"start":{"line":95,"column":6},"end":{"line":98,"column":7}}]},"7":{"loc":{"start":{"line":108,"column":8},"end":{"line":110,"column":9}},"type":"if","locations":[{"start":{"line":108,"column":8},"end":{"line":110,"column":9}},{"start":{"line":108,"column":8},"end":{"line":110,"column":9}}]},"8":{"loc":{"start":{"line":123,"column":6},"end":{"line":125,"column":7}},"type":"if","locations":[{"start":{"line":123,"column":6},"end":{"line":125,"column":7}},{"start":{"line":123,"column":6},"end":{"line":125,"column":7}}]},"9":{"loc":{"start":{"line":123,"column":9},"end":{"line":123,"column":77}},"type":"binary-expr","locations":[{"start":{"line":123,"column":9},"end":{"line":123,"column":34}},{"start":{"line":123,"column":36},"end":{"line":123,"column":77}}]},"10":{"loc":{"start":{"line":136,"column":6},"end":{"line":139,"column":7}},"type":"if","locations":[{"start":{"line":136,"column":6},"end":{"line":139,"column":7}},{"start":{"line":136,"column":6},"end":{"line":139,"column":7}}]},"11":{"loc":{"start":{"line":136,"column":10},"end":{"line":136,"column":54}},"type":"binary-expr","locations":[{"start":{"line":136,"column":10},"end":{"line":136,"column":28}},{"start":{"line":136,"column":32},"end":{"line":136,"column":54}}]},"12":{"loc":{"start":{"line":148,"column":4},"end":{"line":176,"column":5}},"type":"if","locations":[{"start":{"line":148,"column":4},"end":{"line":176,"column":5}},{"start":{"line":166,"column":11},"end":{"line":176,"column":5}}]},"13":{"loc":{"start":{"line":155,"column":10},"end":{"line":163,"column":11}},"type":"if","locations":[{"start":{"line":155,"column":10},"end":{"line":163,"column":11}},{"start":{"line":155,"column":10},"end":{"line":163,"column":11}}]},"14":{"loc":{"start":{"line":155,"column":14},"end":{"line":155,"column":68}},"type":"binary-expr","locations":[{"start":{"line":155,"column":14},"end":{"line":155,"column":39}},{"start":{"line":155,"column":43},"end":{"line":155,"column":68}}]}},"s":{"0":2,"1":2,"2":2,"3":0,"4":6,"5":6,"6":8,"7":0,"8":0,"9":8,"10":1,"11":1,"12":1,"13":1,"14":3,"15":1,"16":1,"17":3,"18":3,"19":9,"20":4,"21":0,"22":0,"23":0,"24":0,"25":0,"26":0,"27":0,"28":0,"29":0,"30":1,"31":1,"32":1,"33":1,"34":3,"35":1,"36":3,"37":3,"38":3,"39":3,"40":4,"41":3,"42":3,"43":3,"44":2,"45":2,"46":3,"47":3,"48":3,"49":3,"50":3,"51":4,"52":4,"53":3,"54":1,"55":1,"56":2,"57":2,"58":2,"59":0,"60":0,"61":0,"62":3,"63":3,"64":3,"65":9,"66":4,"67":4,"68":3,"69":0,"70":0,"71":0,"72":0,"73":0,"74":0,"75":0,"76":0,"77":0,"78":0,"79":0,"80":0,"81":0,"82":0,"83":0,"84":0,"85":0,"86":0,"87":0,"88":0,"89":0},"f":{"0":2,"1":0,"2":6,"3":8,"4":1,"5":0,"6":1,"7":4,"8":2,"9":3,"10":0,"11":0},"b":{"0":[0,8],"1":[4,5],"2":[0,0],"3":[0,0],"4":[1,2],"5":[3,1],"6":[2,1],"7":[3,1],"8":[0,0],"9":[0,0],"10":[4,5],"11":[9,6],"12":[0,0],"13":[0,0],"14":[0,0]}}
}
